2018-03-03 15:55:12 +0000  Initial pipeline context: <IDEDistributionProcessingPipelineContext: 0x7fd03fb0cf10; archive(resolved)='<IDEArchive: 0x7fd03f29b610>', distributionTask(resolved)='2', distributionMethod(resolved)='<IDEDistributionMethodAdHoc: 0x7fd03f2ac430>', team(resolved)='<IDEProvisioningBasicTeam 0x7fd0416ce060: teamID: 324HYEX329, teamName: David Phan>'>
	Chain (11, self inclusive):
	<IDEDistributionProcessingPipelineContext: 0x7fd03fb0cf10; archive = '<IDEArchive: 0x7fd03f29b610>', distributionMethod='<IDEDistributionMethodAdHoc: 0x7fd03f2ac430>', team='<IDEProvisioningBasicTeam 0x7fd0416ce060: teamID: 324HYEX329, teamName: David Phan>'>
	<IDEDistributionProcessingPipelineContext: 0x7fd03f3455a0; archive = '<IDEArchive: 0x7fd03f29b610>', distributionMethod='<IDEDistributionMethodAdHoc: 0x7fd03f2ac430>', team='<IDEProvisioningBasicTeam 0x7fd0416ce060: teamID: 324HYEX329, teamName: David Phan>'>
	<IDEDistributionContext: 0x7fd0419838c0; archive = '<IDEArchive: 0x7fd03f29b610>', distributionMethod='<IDEDistributionMethodAdHoc: 0x7fd03f2ac430>', team='<IDEProvisioningBasicTeam 0x7fd0416ce060: teamID: 324HYEX329, teamName: David Phan>'>
	<IDEDistributionContext: 0x7fd0571d78c0; archive = '<IDEArchive: 0x7fd03f29b610>', distributionMethod='<IDEDistributionMethodAdHoc: 0x7fd03f2ac430>', team='<IDEProvisioningBasicTeam 0x7fd0416ce060: teamID: 324HYEX329, teamName: David Phan>'>
	<IDEDistributionContext: 0x7fd03e4b1400; archive = '<IDEArchive: 0x7fd03f29b610>', distributionMethod='<IDEDistributionMethodAdHoc: 0x7fd03f2ac430>', team='<IDEProvisioningBasicTeam 0x7fd0416ce060: teamID: 324HYEX329, teamName: David Phan>'>
	<IDEDistributionContext: 0x7fd03f37b2a0; archive = '<IDEArchive: 0x7fd03f29b610>', distributionMethod='<IDEDistributionMethodAdHoc: 0x7fd03f2ac430>', team='<IDEProvisioningBasicTeam 0x7fd0416ce060: teamID: 324HYEX329, teamName: David Phan>'>
	<IDEDistributionContext: 0x7fd055b6f2e0; archive = '<IDEArchive: 0x7fd03f29b610>', distributionMethod='<IDEDistributionMethodAdHoc: 0x7fd03f2ac430>', team='<IDEProvisioningBasicTeam 0x7fd0416ce060: teamID: 324HYEX329, teamName: David Phan>'>
	<IDEDistributionContext: 0x7fd03fda7950; archive = '<IDEArchive: 0x7fd03f29b610>', distributionMethod='<IDEDistributionMethodAdHoc: 0x7fd03f2ac430>', team='<IDEProvisioningBasicTeam 0x7fd0416ce060: teamID: 324HYEX329, teamName: David Phan>'>
	<IDEDistributionContext: 0x7fd0429f1160; archive = '<IDEArchive: 0x7fd03f29b610>', distributionMethod='<IDEDistributionMethodAdHoc: 0x7fd03f2ac430>', team='<IDEProvisioningBasicTeam 0x7fd0416ce060: teamID: 324HYEX329, teamName: David Phan>'>
	<IDEDistributionContext: 0x7fd0413add90; archive = '<IDEArchive: 0x7fd03f29b610>', distributionMethod='<IDEDistributionMethodAdHoc: 0x7fd03f2ac430>', team='(null)'>
	<IDEDistributionContext: 0x7fd03fbeb1d0; archive = '<IDEArchive: 0x7fd03f29b610>', distributionMethod='(null)', team='(null)'>
</IDEDistributionProcessingPipelineContext: 0x7fd03fb0cf10>
2018-03-03 15:55:12 +0000  Processing step: IDEDistributionCreateDestRootStep
2018-03-03 15:55:12 +0000  Processing step: IDEDistributionCopyItemStep
2018-03-03 15:55:12 +0000  Running /usr/bin/ditto '-V' '/Users/medavid/Library/Developer/Xcode/Archives/2018-03-03/iyoutube 3-3-18, 9.19 AM.xcarchive/Products/Applications/iyoutube.app' '/var/folders/ch/14kcms191f16jl9870v9w9vh0000gn/T/XcodeDistPipeline.KcD/Root/Payload/iyoutube.app'
2018-03-03 15:55:12 +0000  >>> Copying /Users/medavid/Library/Developer/Xcode/Archives/2018-03-03/iyoutube 3-3-18, 9.19 AM.xcarchive/Products/Applications/iyoutube.app 
2018-03-03 15:55:12 +0000  copying file ./.gitignore ... 
2018-03-03 15:55:12 +0000  54 bytes for ./.gitignore
copying file ./.hgignore ... 
2018-03-03 15:55:12 +0000  64 bytes for ./.hgignore
copying file ./.travis.yml ... 
1103 bytes for ./.travis.yml
copying file ./_CodeSignature/CodeResources ... 
2018-03-03 15:55:12 +0000  44353 bytes for ./_CodeSignature/CodeResources
copying file ./About.txt ... 
2321 bytes for ./About.txt
copying file ./ActionMenuFilesViewController.nib ... 
2018-03-03 15:55:12 +0000  1697 bytes for ./ActionMenuFilesViewController.nib
copying file ./AppIcon60x60@2x.png ... 
7495 bytes for ./AppIcon60x60@2x.png
copying file ./AppIcon60x60@3x.png ... 
2018-03-03 15:55:12 +0000  10056 bytes for ./AppIcon60x60@3x.png
copying file ./AppIcon76x76~ipad.png ... 
4637 bytes for ./AppIcon76x76~ipad.png
copying file ./archived-expanded-entitlements.xcent ... 
309 bytes for ./archived-expanded-entitlements.xcent
copying file ./Assets.car ... 
2018-03-03 15:55:12 +0000  39192 bytes for ./Assets.car
copying file ./Base.lproj/Main_iPad.storyboardc/BYZ-38-t0r-view-8bC-Xf-vdC.nib ... 
2018-03-03 15:55:12 +0000  1790 bytes for ./Base.lproj/Main_iPad.storyboardc/BYZ-38-t0r-view-8bC-Xf-vdC.nib
copying file ./Base.lproj/Main_iPad.storyboardc/Info.plist ... 
258 bytes for ./Base.lproj/Main_iPad.storyboardc/Info.plist
copying file ./Base.lproj/Main_iPad.storyboardc/UIViewController-BYZ-38-t0r.nib ... 
2018-03-03 15:55:12 +0000  1009 bytes for ./Base.lproj/Main_iPad.storyboardc/UIViewController-BYZ-38-t0r.nib
copying file ./Base.lproj/Main_iPhone.storyboardc/Info.plist ... 
2018-03-03 15:55:12 +0000  258 bytes for ./Base.lproj/Main_iPhone.storyboardc/Info.plist
copying file ./Base.lproj/Main_iPhone.storyboardc/UIViewController-vXZ-lx-hvc.nib ... 
916 bytes for ./Base.lproj/Main_iPhone.storyboardc/UIViewController-vXZ-lx-hvc.nib
2018-03-03 15:55:12 +0000  copying file ./Base.lproj/Main_iPhone.storyboardc/vXZ-lx-hvc-view-kh9-bI-dsS.nib ... 
1790 bytes for ./Base.lproj/Main_iPhone.storyboardc/vXZ-lx-hvc-view-kh9-bI-dsS.nib
2018-03-03 15:55:12 +0000  copying file ./board.js ... 
40298 bytes for ./board.js
copying file ./cache.png ... 
2018-03-03 15:55:12 +0000  3725 bytes for ./cache.png
copying file ./cache@2x.png ... 
4153 bytes for ./cache@2x.png
copying file ./cache_button.png ... 
2018-03-03 15:55:12 +0000  5115 bytes for ./cache_button.png
copying file ./cache_button@2x.png ... 
8709 bytes for ./cache_button@2x.png
copying file ./CocoaHTTPServer.podspec.json ... 
2018-03-03 15:55:12 +0000  899 bytes for ./CocoaHTTPServer.podspec.json
copying file ./collection_cell_close.png ... 
2762 bytes for ./collection_cell_close.png
copying file ./collection_cell_close@2x.png ... 
2018-03-03 15:55:12 +0000  5077 bytes for ./collection_cell_close@2x.png
copying file ./delete_x_button.png ... 
5271 bytes for ./delete_x_button.png
copying file ./delete_x_button@2x.png ... 
7576 bytes for ./delete_x_button@2x.png
copying file ./DisplayVideoButtonsTableViewController.nib ... 
1509 bytes for ./DisplayVideoButtonsTableViewController.nib
copying file ./download6.gif ... 
3816 bytes for ./download6.gif
copying file ./EditDisplayGroupViewController.nib ... 
2934 bytes for ./EditDisplayGroupViewController.nib
copying file ./embedded.mobileprovision ... 
2018-03-03 15:55:12 +0000  10089 bytes for ./embedded.mobileprovision
copying file ./en.lproj/InfoPlist.strings ... 
42 bytes for ./en.lproj/InfoPlist.strings
copying file ./files.json ... 
234 bytes for ./files.json
copying file ./Frameworks/libswiftCore.dylib ... 
2018-03-03 15:55:12 +0000  21079632 bytes for ./Frameworks/libswiftCore.dylib
2018-03-03 15:55:12 +0000  copying file ./Frameworks/libswiftCoreFoundation.dylib ... 
208336 bytes for ./Frameworks/libswiftCoreFoundation.dylib
copying file ./Frameworks/libswiftCoreGraphics.dylib ... 
577808 bytes for ./Frameworks/libswiftCoreGraphics.dylib
copying file ./Frameworks/libswiftCoreImage.dylib ... 
208912 bytes for ./Frameworks/libswiftCoreImage.dylib
copying file ./Frameworks/libswiftDarwin.dylib ... 
303120 bytes for ./Frameworks/libswiftDarwin.dylib
copying file ./Frameworks/libswiftDispatch.dylib ... 
1009296 bytes for ./Frameworks/libswiftDispatch.dylib
copying file ./Frameworks/libswiftFoundation.dylib ... 
8413328 bytes for ./Frameworks/libswiftFoundation.dylib
copying file ./Frameworks/libswiftMetal.dylib ... 
251296 bytes for ./Frameworks/libswiftMetal.dylib
copying file ./Frameworks/libswiftObjectiveC.dylib ... 
258992 bytes for ./Frameworks/libswiftObjectiveC.dylib
copying file ./Frameworks/libswiftos.dylib ... 
248960 bytes for ./Frameworks/libswiftos.dylib
copying file ./Frameworks/libswiftQuartzCore.dylib ... 
212256 bytes for ./Frameworks/libswiftQuartzCore.dylib
copying file ./Frameworks/libswiftUIKit.dylib ... 
361536 bytes for ./Frameworks/libswiftUIKit.dylib
copying file ./history.png ... 
3699 bytes for ./history.png
copying file ./history@2x.png ... 
5535 bytes for ./history@2x.png
copying file ./ic_nav_close.png ... 
378 bytes for ./ic_nav_close.png
copying file ./Icon-60.png ... 
3467 bytes for ./Icon-60.png
copying file ./Icon-60@2x.png ... 
7014 bytes for ./Icon-60@2x.png
copying file ./Icon-60@3x.png ... 
9575 bytes for ./Icon-60@3x.png
copying file ./Icon-76.png ... 
4156 bytes for ./Icon-76.png
copying file ./Icon-76@2x.png ... 
7014 bytes for ./Icon-76@2x.png
copying file ./icon-cast-connected.png ... 
717 bytes for ./icon-cast-connected.png
copying file ./icon-cast-connected@2x.png ... 
2180 bytes for ./icon-cast-connected@2x.png
copying file ./icon-cast-identified.png ... 
598 bytes for ./icon-cast-identified.png
copying file ./icon-cast-identified@2x.png ... 
1378 bytes for ./icon-cast-identified@2x.png
copying file ./image1.jpg ... 
10168 bytes for ./image1.jpg
copying file ./index.html ... 
2018-03-03 15:55:12 +0000  3513 bytes for ./index.html
copying file ./index_old.html ... 
469 bytes for ./index_old.html
copying file ./Info.plist ... 
1802 bytes for ./Info.plist
copying file ./iTunesArtwork.jpg ... 
20237 bytes for ./iTunesArtwork.jpg
copying file ./iyoutube ... 
3882912 bytes for ./iyoutube
copying file ./jquery-2.1.4.min.js ... 
84345 bytes for ./jquery-2.1.4.min.js
copying file ./jquery.fileupload.js ... 
40623 bytes for ./jquery.fileupload.js
copying file ./jquery.iframe-transport.js ... 
8089 bytes for ./jquery.iframe-transport.js
copying file ./jquery.ui.widget.js ... 
7281 bytes for ./jquery.ui.widget.js
copying file ./Launch Screen.storyboardc/01J-lp-oVM-view-Ze5-6b-2t3.nib ... 
3633 bytes for ./Launch Screen.storyboardc/01J-lp-oVM-view-Ze5-6b-2t3.nib
copying file ./Launch Screen.storyboardc/Info.plist ... 
258 bytes for ./Launch Screen.storyboardc/Info.plist
copying file ./Launch Screen.storyboardc/UIViewController-01J-lp-oVM.nib ... 
832 bytes for ./Launch Screen.storyboardc/UIViewController-01J-lp-oVM.nib
copying file ./LaunchImage-700-568h@2x.png ... 
14942 bytes for ./LaunchImage-700-568h@2x.png
copying file ./ListItemsViewController.nib ... 
2524 bytes for ./ListItemsViewController.nib
copying file ./local_player_list_bg.png ... 
1813 bytes for ./local_player_list_bg.png
copying file ./local_player_list_bg@2x.png ... 
2671 bytes for ./local_player_list_bg@2x.png
copying file ./local_playlists.png ... 
1818 bytes for ./local_playlists.png
copying file ./local_playlists@2x.png ... 
2418 bytes for ./local_playlists@2x.png
copying file ./logobutton.png ... 
4640 bytes for ./logobutton.png
copying file ./mdx_action_dismiss.png ... 
2244 bytes for ./mdx_action_dismiss.png
copying file ./mdx_action_dismiss_2x.png ... 
2728 bytes for ./mdx_action_dismiss_2x.png
copying file ./musicview.png ... 
649 bytes for ./musicview.png
copying file ./musicview@2x.png ... 
1729 bytes for ./musicview@2x.png
copying file ./myajax.js ... 
794 bytes for ./myajax.js
copying file ./myStyle.css ... 
3626 bytes for ./myStyle.css
copying file ./next.png ... 
3777 bytes for ./next.png
copying file ./next@2x.png ... 
4895 bytes for ./next@2x.png
copying file ./now_playing.png ... 
3108 bytes for ./now_playing.png
copying file ./now_playing@2x.png ... 
1934 bytes for ./now_playing@2x.png
copying file ./overlay_next.png ... 
1270 bytes for ./overlay_next.png
copying file ./overlay_pause.png ... 
295 bytes for ./overlay_pause.png
copying file ./overlay_pause_2x.png ... 
401 bytes for ./overlay_pause_2x.png
copying file ./overlay_play.png ... 
766 bytes for ./overlay_play.png
copying file ./overlay_play_2x.png ... 
972 bytes for ./overlay_play_2x.png
copying file ./overlay_previous.png ... 
1257 bytes for ./overlay_previous.png
copying file ./pause.png ... 
5672 bytes for ./pause.png
copying file ./pause@2x.png ... 
14024 bytes for ./pause@2x.png
copying file ./pb_picker_selected.png ... 
4629 bytes for ./pb_picker_selected.png
copying file ./pb_picker_selected@2x.png ... 
8077 bytes for ./pb_picker_selected@2x.png
copying file ./picview.png ... 
1534 bytes for ./picview.png
copying file ./picview@2x.png ... 
5140 bytes for ./picview@2x.png
copying file ./PkgInfo ... 
8 bytes for ./PkgInfo
copying file ./play.png ... 
5963 bytes for ./play.png
copying file ./play@2x.png ... 
15219 bytes for ./play@2x.png
copying file ./playbox_button.png ... 
4119 bytes for ./playbox_button.png
copying file ./playbox_button@2x.png ... 
5963 bytes for ./playbox_button@2x.png
copying file ./playlist_icon.png ... 
2063 bytes for ./playlist_icon.png
copying file ./playlist_icon_2x.png ... 
1276 bytes for ./playlist_icon_2x.png
copying file ./powerproject.js ... 
5318 bytes for ./powerproject.js
copying file ./README.txt ... 
321 bytes for ./README.txt
copying file ./receiver.html ... 
13334 bytes for ./receiver.html
copying file ./receiver2.html ... 
631 bytes for ./receiver2.html
copying file ./receiver_original.html ... 
4462 bytes for ./receiver_original.html
copying file ./repeat_one.png ... 
2691 bytes for ./repeat_one.png
copying file ./repeat_one@2x.png ... 
2698 
2018-03-03 15:55:12 +0000  bytes for ./repeat_one@2x.png
copying file ./repeat_selected.png ... 
2561 bytes for ./repeat_selected.png
copying file ./repeat_selected@2x.png ... 
2698 bytes for ./repeat_selected@2x.png
copying file ./return.png ... 
3760 bytes for ./return.png
copying file ./return@2x.png ... 
4917 bytes for ./return@2x.png
copying file ./search.png ... 
3577 bytes for ./search.png
copying file ./search@2x.png ... 
4268 bytes for ./search@2x.png
copying file ./Settings.bundle/en.lproj/Root.strings ... 
546 bytes for ./Settings.bundle/en.lproj/Root.strings
copying file ./Settings.bundle/Root.plist ... 
3955 bytes for ./Settings.bundle/Root.plist
copying file ./settings.png ... 
3686 bytes for ./settings.png
copying file ./settings@2x.png ... 
3304 bytes for ./settings@2x.png
copying file ./shuffle.png ... 
1941 bytes for ./shuffle.png
copying file ./shuffle@2x.png ... 
1670 bytes for ./shuffle@2x.png
copying file ./shuffle_selected.png ... 
2409 bytes for ./shuffle_selected.png
copying file ./shuffle_selected@2x.png ... 
2374 bytes for ./shuffle_selected@2x.png
copying file ./sliderthumb.png ... 
2018-03-03 15:55:12 +0000  1307 bytes for ./sliderthumb.png
copying file ./stream_repeat.png ... 
3291 bytes for ./stream_repeat.png
copying file ./stream_repeat@2x.png ... 
3178 bytes for ./stream_repeat@2x.png
copying file ./stream_repeat_selected.png ... 
3505 bytes for ./stream_repeat_selected.png
copying file ./stream_repeat_selected@2x.png ... 
3695 bytes for ./stream_repeat_selected@2x.png
copying file ./style.css ... 
291 bytes for ./style.css
copying file ./table_cell_red_checkmark.png ... 
2018-03-03 15:55:12 +0000  5828 bytes for ./table_cell_red_checkmark.png
copying file ./table_cell_red_checkmark@2x.png ... 
7364 bytes for ./table_cell_red_checkmark@2x.png
copying file ./upload.html ... 
234 bytes for ./upload.html
copying file ./video_list_loop.png ... 
1438 bytes for ./video_list_loop.png
copying file ./video_list_loop_2x.png ... 
2028 bytes for ./video_list_loop_2x.png
copying file ./videonotfound.png ... 
290 bytes for ./videonotfound.png
copying file ./view_count.png ... 
2018-03-03 15:55:12 +0000  
2018-03-03 15:55:12 +0000  3554 bytes for ./view_count.png
copying file ./view_count@2x.png ... 
3887 bytes for ./view_count@2x.png
copying file ./youtube.png ... 
3777 bytes for ./youtube.png
copying file ./youtube@2x.png ... 
4947 bytes for ./youtube@2x.png
2018-03-03 15:55:12 +0000  /usr/bin/ditto exited with 0
2018-03-03 15:55:12 +0000  2018-03-03 15:55:12 +0000  

2018-03-03 15:55:12 +0000  Processing step: IDEDistributionEmbedProfileStep
2018-03-03 15:55:12 +0000  Skipping profile for item: <IDEDistributionItem: 0x7fd03ed4ad80 'com.apple.dt.runtime.swiftCore' '<DVTFilePath:0x7fd057f0f330:'/Users/medavid/Library/Developer/Xcode/Archives/2018-03-03/iyoutube 3-3-18, 9.19 AM.xcarchive/Products/Applications/iyoutube.app/Frameworks/libswiftCore.dylib'>'>
2018-03-03 15:55:12 +0000  Skipping profile for item: <IDEDistributionItem: 0x7fd0415a7ba0 'com.apple.dt.runtime.swiftCoreFoundation' '<DVTFilePath:0x7fd03f54dd20:'/Users/medavid/Library/Developer/Xcode/Archives/2018-03-03/iyoutube 3-3-18, 9.19 AM.xcarchive/Products/Applications/iyoutube.app/Frameworks/libswiftCoreFoundation.dylib'>'>
2018-03-03 15:55:12 +0000  Skipping profile for item: <IDEDistributionItem: 0x7fd05b46c6b0 'com.apple.dt.runtime.swiftCoreGraphics' '<DVTFilePath:0x7fd03f06e4b0:'/Users/medavid/Library/Developer/Xcode/Archives/2018-03-03/iyoutube 3-3-18, 9.19 AM.xcarchive/Products/Applications/iyoutube.app/Frameworks/libswiftCoreGraphics.dylib'>'>
2018-03-03 15:55:12 +0000  Skipping profile for item: <IDEDistributionItem: 0x7fd05b12b6c0 'com.apple.dt.runtime.swiftCoreImage' '<DVTFilePath:0x7fd0517b1770:'/Users/medavid/Library/Developer/Xcode/Archives/2018-03-03/iyoutube 3-3-18, 9.19 AM.xcarchive/Products/Applications/iyoutube.app/Frameworks/libswiftCoreImage.dylib'>'>
2018-03-03 15:55:12 +0000  Skipping profile for item: <IDEDistributionItem: 0x7fd0511b1f50 'com.apple.dt.runtime.swiftDarwin' '<DVTFilePath:0x7fd03edb18d0:'/Users/medavid/Library/Developer/Xcode/Archives/2018-03-03/iyoutube 3-3-18, 9.19 AM.xcarchive/Products/Applications/iyoutube.app/Frameworks/libswiftDarwin.dylib'>'>
2018-03-03 15:55:12 +0000  Skipping profile for item: <IDEDistributionItem: 0x7fd041ebb580 'com.apple.dt.runtime.swiftDispatch' '<DVTFilePath:0x7fd03f26a010:'/Users/medavid/Library/Developer/Xcode/Archives/2018-03-03/iyoutube 3-3-18, 9.19 AM.xcarchive/Products/Applications/iyoutube.app/Frameworks/libswiftDispatch.dylib'>'>
2018-03-03 15:55:12 +0000  Skipping profile for item: <IDEDistributionItem: 0x7fd03ff5f210 'com.apple.dt.runtime.swiftFoundation' '<DVTFilePath:0x7fd051778080:'/Users/medavid/Library/Developer/Xcode/Archives/2018-03-03/iyoutube 3-3-18, 9.19 AM.xcarchive/Products/Applications/iyoutube.app/Frameworks/libswiftFoundation.dylib'>'>
2018-03-03 15:55:12 +0000  Skipping profile for item: <IDEDistributionItem: 0x7fd03d7d0d60 'com.apple.dt.runtime.swiftMetal' '<DVTFilePath:0x7fd03f588cb0:'/Users/medavid/Library/Developer/Xcode/Archives/2018-03-03/iyoutube 3-3-18, 9.19 AM.xcarchive/Products/Applications/iyoutube.app/Frameworks/libswiftMetal.dylib'>'>
2018-03-03 15:55:12 +0000  Skipping profile for item: <IDEDistributionItem: 0x7fd03e191ce0 'com.apple.dt.runtime.swiftObjectiveC' '<DVTFilePath:0x7fd042550dc0:'/Users/medavid/Library/Developer/Xcode/Archives/2018-03-03/iyoutube 3-3-18, 9.19 AM.xcarchive/Products/Applications/iyoutube.app/Frameworks/libswiftObjectiveC.dylib'>'>
2018-03-03 15:55:12 +0000  Skipping profile for item: <IDEDistributionItem: 0x7fd03fdee910 'com.apple.dt.runtime.swiftQuartzCore' '<DVTFilePath:0x7fd03e4722c0:'/Users/medavid/Library/Developer/Xcode/Archives/2018-03-03/iyoutube 3-3-18, 9.19 AM.xcarchive/Products/Applications/iyoutube.app/Frameworks/libswiftQuartzCore.dylib'>'>
2018-03-03 15:55:12 +0000  Skipping profile for item: <IDEDistributionItem: 0x7fd03e378650 'com.apple.dt.runtime.swiftUIKit' '<DVTFilePath:0x7fd05173ee80:'/Users/medavid/Library/Developer/Xcode/Archives/2018-03-03/iyoutube 3-3-18, 9.19 AM.xcarchive/Products/Applications/iyoutube.app/Frameworks/libswiftUIKit.dylib'>'>
2018-03-03 15:55:12 +0000  Skipping profile for item: <IDEDistributionItem: 0x7fd03f43d370 'com.apple.dt.runtime.swiftos' '<DVTFilePath:0x7fd03e483550:'/Users/medavid/Library/Developer/Xcode/Archives/2018-03-03/iyoutube 3-3-18, 9.19 AM.xcarchive/Products/Applications/iyoutube.app/Frameworks/libswiftos.dylib'>'>
2018-03-03 15:55:12 +0000  Processing step: IDEDistributionAppThinningPlistStep
2018-03-03 15:55:12 +0000  Skipping step: IDEDistributionAppThinningPlistStep because it said so
2018-03-03 15:55:12 +0000  Processing step: IDEDistributionCompileBitcodeStep
2018-03-03 15:55:12 +0000  Skipping step: IDEDistributionCompileBitcodeStep because it said so
2018-03-03 15:55:12 +0000  Processing step: IDEDistributionCodeSlimmingStep
2018-03-03 15:55:12 +0000  Processing step: IDEDistributionCopyBCSymbolMapsStep
2018-03-03 15:55:12 +0000  Skipping step: IDEDistributionCopyBCSymbolMapsStep because it said so
2018-03-03 15:55:12 +0000  Skipping step: IDEDistributionCopyBCSymbolMapsStep because it said so
2018-03-03 15:55:12 +0000  Skipping step: IDEDistributionCopyBCSymbolMapsStep because it said so
2018-03-03 15:55:12 +0000  Skipping step: IDEDistributionCopyBCSymbolMapsStep because it said so
2018-03-03 15:55:12 +0000  Skipping step: IDEDistributionCopyBCSymbolMapsStep because it said so
2018-03-03 15:55:12 +0000  Skipping step: IDEDistributionCopyBCSymbolMapsStep because it said so
2018-03-03 15:55:12 +0000  Skipping step: IDEDistributionCopyBCSymbolMapsStep because it said so
2018-03-03 15:55:12 +0000  Skipping step: IDEDistributionCopyBCSymbolMapsStep because it said so
2018-03-03 15:55:12 +0000  Skipping step: IDEDistributionCopyBCSymbolMapsStep because it said so
2018-03-03 15:55:12 +0000  Skipping step: IDEDistributionCopyBCSymbolMapsStep because it said so
2018-03-03 15:55:12 +0000  Skipping step: IDEDistributionCopyBCSymbolMapsStep because it said so
2018-03-03 15:55:12 +0000  Skipping step: IDEDistributionCopyBCSymbolMapsStep because it said so
2018-03-03 15:55:12 +0000  Skipping step: IDEDistributionCopyBCSymbolMapsStep because it said so
2018-03-03 15:55:12 +0000  Processing step: IDEDistributionSymbolsStep
2018-03-03 15:55:12 +0000  Skipping step: IDEDistributionSymbolsStep because it said so
2018-03-03 15:55:12 +0000  Skipping step: IDEDistributionSymbolsStep because it said so
2018-03-03 15:55:12 +0000  Skipping step: IDEDistributionSymbolsStep because it said so
2018-03-03 15:55:12 +0000  Skipping step: IDEDistributionSymbolsStep because it said so
2018-03-03 15:55:12 +0000  Skipping step: IDEDistributionSymbolsStep because it said so
2018-03-03 15:55:12 +0000  Skipping step: IDEDistributionSymbolsStep because it said so
2018-03-03 15:55:12 +0000  Skipping step: IDEDistributionSymbolsStep because it said so
2018-03-03 15:55:12 +0000  Skipping step: IDEDistributionSymbolsStep because it said so
2018-03-03 15:55:12 +0000  Skipping step: IDEDistributionSymbolsStep because it said so
2018-03-03 15:55:12 +0000  Skipping step: IDEDistributionSymbolsStep because it said so
2018-03-03 15:55:12 +0000  Skipping step: IDEDistributionSymbolsStep because it said so
2018-03-03 15:55:12 +0000  Skipping step: IDEDistributionSymbolsStep because it said so
2018-03-03 15:55:12 +0000  Skipping step: IDEDistributionSymbolsStep because it said so
2018-03-03 15:55:12 +0000  Processing step: IDEDistributionAppThinningStep
2018-03-03 15:55:12 +0000  Skipping step: IDEDistributionAppThinningStep because it said so
2018-03-03 15:55:12 +0000  Processing step: IDEDistributionODRStep
2018-03-03 15:55:12 +0000  Processing step: IDEDistributionStripXattrsStep
2018-03-03 15:55:12 +0000  Skipping stripping extended attributes of item: <IDEDistributionItem: 0x7fd03ed4ad80 'com.apple.dt.runtime.swiftCore' '<DVTFilePath:0x7fd057f0f330:'/Users/medavid/Library/Developer/Xcode/Archives/2018-03-03/iyoutube 3-3-18, 9.19 AM.xcarchive/Products/Applications/iyoutube.app/Frameworks/libswiftCore.dylib'>'>
2018-03-03 15:55:12 +0000  Skipping stripping extended attributes of item: <IDEDistributionItem: 0x7fd0415a7ba0 'com.apple.dt.runtime.swiftCoreFoundation' '<DVTFilePath:0x7fd03f54dd20:'/Users/medavid/Library/Developer/Xcode/Archives/2018-03-03/iyoutube 3-3-18, 9.19 AM.xcarchive/Products/Applications/iyoutube.app/Frameworks/libswiftCoreFoundation.dylib'>'>
2018-03-03 15:55:12 +0000  Skipping stripping extended attributes of item: <IDEDistributionItem: 0x7fd05b46c6b0 'com.apple.dt.runtime.swiftCoreGraphics' '<DVTFilePath:0x7fd03f06e4b0:'/Users/medavid/Library/Developer/Xcode/Archives/2018-03-03/iyoutube 3-3-18, 9.19 AM.xcarchive/Products/Applications/iyoutube.app/Frameworks/libswiftCoreGraphics.dylib'>'>
2018-03-03 15:55:12 +0000  Skipping stripping extended attributes of item: <IDEDistributionItem: 0x7fd05b12b6c0 'com.apple.dt.runtime.swiftCoreImage' '<DVTFilePath:0x7fd0517b1770:'/Users/medavid/Library/Developer/Xcode/Archives/2018-03-03/iyoutube 3-3-18, 9.19 AM.xcarchive/Products/Applications/iyoutube.app/Frameworks/libswiftCoreImage.dylib'>'>
2018-03-03 15:55:12 +0000  Skipping stripping extended attributes of item: <IDEDistributionItem: 0x7fd0511b1f50 'com.apple.dt.runtime.swiftDarwin' '<DVTFilePath:0x7fd03edb18d0:'/Users/medavid/Library/Developer/Xcode/Archives/2018-03-03/iyoutube 3-3-18, 9.19 AM.xcarchive/Products/Applications/iyoutube.app/Frameworks/libswiftDarwin.dylib'>'>
2018-03-03 15:55:12 +0000  Skipping stripping extended attributes of item: <IDEDistributionItem: 0x7fd041ebb580 'com.apple.dt.runtime.swiftDispatch' '<DVTFilePath:0x7fd03f26a010:'/Users/medavid/Library/Developer/Xcode/Archives/2018-03-03/iyoutube 3-3-18, 9.19 AM.xcarchive/Products/Applications/iyoutube.app/Frameworks/libswiftDispatch.dylib'>'>
2018-03-03 15:55:12 +0000  Skipping stripping extended attributes of item: <IDEDistributionItem: 0x7fd03ff5f210 'com.apple.dt.runtime.swiftFoundation' '<DVTFilePath:0x7fd051778080:'/Users/medavid/Library/Developer/Xcode/Archives/2018-03-03/iyoutube 3-3-18, 9.19 AM.xcarchive/Products/Applications/iyoutube.app/Frameworks/libswiftFoundation.dylib'>'>
2018-03-03 15:55:12 +0000  Skipping stripping extended attributes of item: <IDEDistributionItem: 0x7fd03d7d0d60 'com.apple.dt.runtime.swiftMetal' '<DVTFilePath:0x7fd03f588cb0:'/Users/medavid/Library/Developer/Xcode/Archives/2018-03-03/iyoutube 3-3-18, 9.19 AM.xcarchive/Products/Applications/iyoutube.app/Frameworks/libswiftMetal.dylib'>'>
2018-03-03 15:55:12 +0000  Skipping stripping extended attributes of item: <IDEDistributionItem: 0x7fd03e191ce0 'com.apple.dt.runtime.swiftObjectiveC' '<DVTFilePath:0x7fd042550dc0:'/Users/medavid/Library/Developer/Xcode/Archives/2018-03-03/iyoutube 3-3-18, 9.19 AM.xcarchive/Products/Applications/iyoutube.app/Frameworks/libswiftObjectiveC.dylib'>'>
2018-03-03 15:55:12 +0000  Skipping stripping extended attributes of item: <IDEDistributionItem: 0x7fd03fdee910 'com.apple.dt.runtime.swiftQuartzCore' '<DVTFilePath:0x7fd03e4722c0:'/Users/medavid/Library/Developer/Xcode/Archives/2018-03-03/iyoutube 3-3-18, 9.19 AM.xcarchive/Products/Applications/iyoutube.app/Frameworks/libswiftQuartzCore.dylib'>'>
2018-03-03 15:55:12 +0000  Skipping stripping extended attributes of item: <IDEDistributionItem: 0x7fd03e378650 'com.apple.dt.runtime.swiftUIKit' '<DVTFilePath:0x7fd05173ee80:'/Users/medavid/Library/Developer/Xcode/Archives/2018-03-03/iyoutube 3-3-18, 9.19 AM.xcarchive/Products/Applications/iyoutube.app/Frameworks/libswiftUIKit.dylib'>'>
2018-03-03 15:55:12 +0000  Skipping stripping extended attributes of item: <IDEDistributionItem: 0x7fd03f43d370 'com.apple.dt.runtime.swiftos' '<DVTFilePath:0x7fd03e483550:'/Users/medavid/Library/Developer/Xcode/Archives/2018-03-03/iyoutube 3-3-18, 9.19 AM.xcarchive/Products/Applications/iyoutube.app/Frameworks/libswiftos.dylib'>'>
2018-03-03 15:55:12 +0000  Running /usr/bin/xattr '-crs' '/var/folders/ch/14kcms191f16jl9870v9w9vh0000gn/T/XcodeDistPipeline.KcD/Root/Payload/iyoutube.app'
2018-03-03 15:55:13 +0000  
2018-03-03 15:55:13 +0000  2018-03-03 15:55:13 +0000  /usr/bin/xattr exited with 0

2018-03-03 15:55:13 +0000  
2018-03-03 15:55:13 +0000  Processing step: IDEDistributionCodesignStep
2018-03-03 15:55:13 +0000  Applying entitlements delta for <IDEDistributionItem: 0x7fd03ed4ad80 'com.apple.dt.runtime.swiftCore' '<DVTFilePath:0x7fd057f0f330:'/Users/medavid/Library/Developer/Xcode/Archives/2018-03-03/iyoutube 3-3-18, 9.19 AM.xcarchive/Products/Applications/iyoutube.app/Frameworks/libswiftCore.dylib'>'> from <IDEiCloudEntitlementsProcessor: 0x7fd03ed14f50>: {
}
2018-03-03 15:55:13 +0000  Entitlements for <IDEDistributionItem: 0x7fd03ed4ad80 'com.apple.dt.runtime.swiftCore' '<DVTFilePath:0x7fd057f0f330:'/Users/medavid/Library/Developer/Xcode/Archives/2018-03-03/iyoutube 3-3-18, 9.19 AM.xcarchive/Products/Applications/iyoutube.app/Frameworks/libswiftCore.dylib'>'>: {
}
2018-03-03 15:55:13 +0000  Writing entitlements for <IDEDistributionItem: 0x7fd03ed4ad80 'com.apple.dt.runtime.swiftCore' '<DVTFilePath:0x7fd057f0f330:'/Users/medavid/Library/Developer/Xcode/Archives/2018-03-03/iyoutube 3-3-18, 9.19 AM.xcarchive/Products/Applications/iyoutube.app/Frameworks/libswiftCore.dylib'>'> to: /var/folders/ch/14kcms191f16jl9870v9w9vh0000gn/T/XcodeDistPipeline.KcD/entitlementsfZBCQB
2018-03-03 15:55:13 +0000  Running /usr/bin/codesign '-vvv' '--force' '--sign' '887A1CC04AF89CAF9DC3D05BD81B57E69B716998' '--preserve-metadata=identifier,flags' '--entitlements' '/var/folders/ch/14kcms191f16jl9870v9w9vh0000gn/T/XcodeDistPipeline.KcD/entitlementsfZBCQB' '/var/folders/ch/14kcms191f16jl9870v9w9vh0000gn/T/XcodeDistPipeline.KcD/Root/Payload/iyoutube.app/Frameworks/libswiftCore.dylib'
2018-03-03 15:55:13 +0000  /var/folders/ch/14kcms191f16jl9870v9w9vh0000gn/T/XcodeDistPipeline.KcD/Root/Payload/iyoutube.app/Frameworks/libswiftCore.dylib: replacing existing signature
2018-03-03 15:55:40 +0000  /var/folders/ch/14kcms191f16jl9870v9w9vh0000gn/T/XcodeDistPipeline.KcD/Root/Payload/iyoutube.app/Frameworks/libswiftCore.dylib: signed Mach-O universal (armv7 armv7s arm64) [com.apple.dt.runtime.swiftCore]
2018-03-03 15:55:40 +0000  
2018-03-03 15:55:40 +0000  
2018-03-03 15:55:40 +0000  /usr/bin/codesign exited with 0
2018-03-03 15:55:40 +0000  
2018-03-03 15:55:40 +0000  
2018-03-03 15:55:40 +0000  Applying entitlements delta for <IDEDistributionItem: 0x7fd0415a7ba0 'com.apple.dt.runtime.swiftCoreFoundation' '<DVTFilePath:0x7fd03f54dd20:'/Users/medavid/Library/Developer/Xcode/Archives/2018-03-03/iyoutube 3-3-18, 9.19 AM.xcarchive/Products/Applications/iyoutube.app/Frameworks/libswiftCoreFoundation.dylib'>'> from <IDEiCloudEntitlementsProcessor: 0x7fd03e475d30>: {
}
2018-03-03 15:55:40 +0000  Entitlements for <IDEDistributionItem: 0x7fd0415a7ba0 'com.apple.dt.runtime.swiftCoreFoundation' '<DVTFilePath:0x7fd03f54dd20:'/Users/medavid/Library/Developer/Xcode/Archives/2018-03-03/iyoutube 3-3-18, 9.19 AM.xcarchive/Products/Applications/iyoutube.app/Frameworks/libswiftCoreFoundation.dylib'>'>: {
}
2018-03-03 15:55:40 +0000  Writing entitlements for <IDEDistributionItem: 0x7fd0415a7ba0 'com.apple.dt.runtime.swiftCoreFoundation' '<DVTFilePath:0x7fd03f54dd20:'/Users/medavid/Library/Developer/Xcode/Archives/2018-03-03/iyoutube 3-3-18, 9.19 AM.xcarchive/Products/Applications/iyoutube.app/Frameworks/libswiftCoreFoundation.dylib'>'> to: /var/folders/ch/14kcms191f16jl9870v9w9vh0000gn/T/XcodeDistPipeline.KcD/entitlementsg1SvqA
2018-03-03 15:55:40 +0000  Running /usr/bin/codesign '-vvv' '--force' '--sign' '887A1CC04AF89CAF9DC3D05BD81B57E69B716998' '--preserve-metadata=identifier,flags' '--entitlements' '/var/folders/ch/14kcms191f16jl9870v9w9vh0000gn/T/XcodeDistPipeline.KcD/entitlementsg1SvqA' '/var/folders/ch/14kcms191f16jl9870v9w9vh0000gn/T/XcodeDistPipeline.KcD/Root/Payload/iyoutube.app/Frameworks/libswiftCoreFoundation.dylib'
2018-03-03 15:55:40 +0000  /var/folders/ch/14kcms191f16jl9870v9w9vh0000gn/T/XcodeDistPipeline.KcD/Root/Payload/iyoutube.app/Frameworks/libswiftCoreFoundation.dylib: replacing existing signature
2018-03-03 15:56:41 +0000  /var/folders/ch/14kcms191f16jl9870v9w9vh0000gn/T/XcodeDistPipeline.KcD/Root/Payload/iyoutube.app/Frameworks/libswiftCoreFoundation.dylib: signed Mach-O universal (armv7 armv7s arm64) [com.apple.dt.runtime.swiftCoreFoundation]
2018-03-03 15:56:41 +0000  
2018-03-03 15:56:41 +0000  
2018-03-03 15:56:41 +0000  /usr/bin/codesign exited with 0
2018-03-03 15:56:41 +0000  2018-03-03 15:56:41 +0000  

2018-03-03 15:56:41 +0000  Applying entitlements delta for <IDEDistributionItem: 0x7fd05b46c6b0 'com.apple.dt.runtime.swiftCoreGraphics' '<DVTFilePath:0x7fd03f06e4b0:'/Users/medavid/Library/Developer/Xcode/Archives/2018-03-03/iyoutube 3-3-18, 9.19 AM.xcarchive/Products/Applications/iyoutube.app/Frameworks/libswiftCoreGraphics.dylib'>'> from <IDEiCloudEntitlementsProcessor: 0x7fd03f01d6e0>: {
}
2018-03-03 15:56:41 +0000  Entitlements for <IDEDistributionItem: 0x7fd05b46c6b0 'com.apple.dt.runtime.swiftCoreGraphics' '<DVTFilePath:0x7fd03f06e4b0:'/Users/medavid/Library/Developer/Xcode/Archives/2018-03-03/iyoutube 3-3-18, 9.19 AM.xcarchive/Products/Applications/iyoutube.app/Frameworks/libswiftCoreGraphics.dylib'>'>: {
}
2018-03-03 15:56:41 +0000  Writing entitlements for <IDEDistributionItem: 0x7fd05b46c6b0 'com.apple.dt.runtime.swiftCoreGraphics' '<DVTFilePath:0x7fd03f06e4b0:'/Users/medavid/Library/Developer/Xcode/Archives/2018-03-03/iyoutube 3-3-18, 9.19 AM.xcarchive/Products/Applications/iyoutube.app/Frameworks/libswiftCoreGraphics.dylib'>'> to: /var/folders/ch/14kcms191f16jl9870v9w9vh0000gn/T/XcodeDistPipeline.KcD/entitlements4jHs4P
2018-03-03 15:56:41 +0000  Running /usr/bin/codesign '-vvv' '--force' '--sign' '887A1CC04AF89CAF9DC3D05BD81B57E69B716998' '--preserve-metadata=identifier,flags' '--entitlements' '/var/folders/ch/14kcms191f16jl9870v9w9vh0000gn/T/XcodeDistPipeline.KcD/entitlements4jHs4P' '/var/folders/ch/14kcms191f16jl9870v9w9vh0000gn/T/XcodeDistPipeline.KcD/Root/Payload/iyoutube.app/Frameworks/libswiftCoreGraphics.dylib'
2018-03-03 15:56:41 +0000  /var/folders/ch/14kcms191f16jl9870v9w9vh0000gn/T/XcodeDistPipeline.KcD/Root/Payload/iyoutube.app/Frameworks/libswiftCoreGraphics.dylib: replacing existing signature
2018-03-03 15:56:58 +0000  /var/folders/ch/14kcms191f16jl9870v9w9vh0000gn/T/XcodeDistPipeline.KcD/Root/Payload/iyoutube.app/Frameworks/libswiftCoreGraphics.dylib: signed Mach-O universal (armv7 armv7s arm64) [com.apple.dt.runtime.swiftCoreGraphics]
2018-03-03 15:56:58 +0000  
2018-03-03 15:56:58 +0000  2018-03-03 15:56:58 +0000  /usr/bin/codesign exited with 0

2018-03-03 15:56:58 +0000  
2018-03-03 15:56:58 +0000  Applying entitlements delta for <IDEDistributionItem: 0x7fd05b12b6c0 'com.apple.dt.runtime.swiftCoreImage' '<DVTFilePath:0x7fd0517b1770:'/Users/medavid/Library/Developer/Xcode/Archives/2018-03-03/iyoutube 3-3-18, 9.19 AM.xcarchive/Products/Applications/iyoutube.app/Frameworks/libswiftCoreImage.dylib'>'> from <IDEiCloudEntitlementsProcessor: 0x7fd03e4c99a0>: {
}
2018-03-03 15:56:58 +0000  Entitlements for <IDEDistributionItem: 0x7fd05b12b6c0 'com.apple.dt.runtime.swiftCoreImage' '<DVTFilePath:0x7fd0517b1770:'/Users/medavid/Library/Developer/Xcode/Archives/2018-03-03/iyoutube 3-3-18, 9.19 AM.xcarchive/Products/Applications/iyoutube.app/Frameworks/libswiftCoreImage.dylib'>'>: {
}
2018-03-03 15:56:58 +0000  Writing entitlements for <IDEDistributionItem: 0x7fd05b12b6c0 'com.apple.dt.runtime.swiftCoreImage' '<DVTFilePath:0x7fd0517b1770:'/Users/medavid/Library/Developer/Xcode/Archives/2018-03-03/iyoutube 3-3-18, 9.19 AM.xcarchive/Products/Applications/iyoutube.app/Frameworks/libswiftCoreImage.dylib'>'> to: /var/folders/ch/14kcms191f16jl9870v9w9vh0000gn/T/XcodeDistPipeline.KcD/entitlementsmbGBNl
2018-03-03 15:56:58 +0000  Running /usr/bin/codesign '-vvv' '--force' '--sign' '887A1CC04AF89CAF9DC3D05BD81B57E69B716998' '--preserve-metadata=identifier,flags' '--entitlements' '/var/folders/ch/14kcms191f16jl9870v9w9vh0000gn/T/XcodeDistPipeline.KcD/entitlementsmbGBNl' '/var/folders/ch/14kcms191f16jl9870v9w9vh0000gn/T/XcodeDistPipeline.KcD/Root/Payload/iyoutube.app/Frameworks/libswiftCoreImage.dylib'
2018-03-03 15:56:58 +0000  /var/folders/ch/14kcms191f16jl9870v9w9vh0000gn/T/XcodeDistPipeline.KcD/Root/Payload/iyoutube.app/Frameworks/libswiftCoreImage.dylib: replacing existing signature
2018-03-03 15:56:58 +0000  /var/folders/ch/14kcms191f16jl9870v9w9vh0000gn/T/XcodeDistPipeline.KcD/Root/Payload/iyoutube.app/Frameworks/libswiftCoreImage.dylib: signed Mach-O universal (armv7 armv7s arm64) [com.apple.dt.runtime.swiftCoreImage]
2018-03-03 15:56:58 +0000  2018-03-03 15:56:58 +0000  

2018-03-03 15:56:58 +0000  /usr/bin/codesign exited with 0
2018-03-03 15:56:58 +0000  
2018-03-03 15:56:58 +0000  Applying entitlements delta for <IDEDistributionItem: 0x7fd0511b1f50 'com.apple.dt.runtime.swiftDarwin' '<DVTFilePath:0x7fd03edb18d0:'/Users/medavid/Library/Developer/Xcode/Archives/2018-03-03/iyoutube 3-3-18, 9.19 AM.xcarchive/Products/Applications/iyoutube.app/Frameworks/libswiftDarwin.dylib'>'> from <IDEiCloudEntitlementsProcessor: 0x7fd05b10a120>: {
}
2018-03-03 15:56:58 +0000  Entitlements for <IDEDistributionItem: 0x7fd0511b1f50 'com.apple.dt.runtime.swiftDarwin' '<DVTFilePath:0x7fd03edb18d0:'/Users/medavid/Library/Developer/Xcode/Archives/2018-03-03/iyoutube 3-3-18, 9.19 AM.xcarchive/Products/Applications/iyoutube.app/Frameworks/libswiftDarwin.dylib'>'>: {
}
2018-03-03 15:56:58 +0000  Writing entitlements for <IDEDistributionItem: 0x7fd0511b1f50 'com.apple.dt.runtime.swiftDarwin' '<DVTFilePath:0x7fd03edb18d0:'/Users/medavid/Library/Developer/Xcode/Archives/2018-03-03/iyoutube 3-3-18, 9.19 AM.xcarchive/Products/Applications/iyoutube.app/Frameworks/libswiftDarwin.dylib'>'> to: /var/folders/ch/14kcms191f16jl9870v9w9vh0000gn/T/XcodeDistPipeline.KcD/entitlementsgQsI5H
2018-03-03 15:56:58 +0000  Running /usr/bin/codesign '-vvv' '--force' '--sign' '887A1CC04AF89CAF9DC3D05BD81B57E69B716998' '--preserve-metadata=identifier,flags' '--entitlements' '/var/folders/ch/14kcms191f16jl9870v9w9vh0000gn/T/XcodeDistPipeline.KcD/entitlementsgQsI5H' '/var/folders/ch/14kcms191f16jl9870v9w9vh0000gn/T/XcodeDistPipeline.KcD/Root/Payload/iyoutube.app/Frameworks/libswiftDarwin.dylib'
2018-03-03 15:56:58 +0000  /var/folders/ch/14kcms191f16jl9870v9w9vh0000gn/T/XcodeDistPipeline.KcD/Root/Payload/iyoutube.app/Frameworks/libswiftDarwin.dylib: replacing existing signature
2018-03-03 15:56:58 +0000  /var/folders/ch/14kcms191f16jl9870v9w9vh0000gn/T/XcodeDistPipeline.KcD/Root/Payload/iyoutube.app/Frameworks/libswiftDarwin.dylib: signed Mach-O universal (armv7 armv7s arm64) [com.apple.dt.runtime.swiftDarwin]
2018-03-03 15:56:58 +0000  
2018-03-03 15:56:58 +0000  
2018-03-03 15:56:58 +0000  /usr/bin/codesign exited with 02018-03-03 15:56:58 +0000  

2018-03-03 15:56:58 +0000  
2018-03-03 15:56:58 +0000  Applying entitlements delta for <IDEDistributionItem: 0x7fd041ebb580 'com.apple.dt.runtime.swiftDispatch' '<DVTFilePath:0x7fd03f26a010:'/Users/medavid/Library/Developer/Xcode/Archives/2018-03-03/iyoutube 3-3-18, 9.19 AM.xcarchive/Products/Applications/iyoutube.app/Frameworks/libswiftDispatch.dylib'>'> from <IDEiCloudEntitlementsProcessor: 0x7fd03f272230>: {
}
2018-03-03 15:56:58 +0000  Entitlements for <IDEDistributionItem: 0x7fd041ebb580 'com.apple.dt.runtime.swiftDispatch' '<DVTFilePath:0x7fd03f26a010:'/Users/medavid/Library/Developer/Xcode/Archives/2018-03-03/iyoutube 3-3-18, 9.19 AM.xcarchive/Products/Applications/iyoutube.app/Frameworks/libswiftDispatch.dylib'>'>: {
}
2018-03-03 15:56:58 +0000  Writing entitlements for <IDEDistributionItem: 0x7fd041ebb580 'com.apple.dt.runtime.swiftDispatch' '<DVTFilePath:0x7fd03f26a010:'/Users/medavid/Library/Developer/Xcode/Archives/2018-03-03/iyoutube 3-3-18, 9.19 AM.xcarchive/Products/Applications/iyoutube.app/Frameworks/libswiftDispatch.dylib'>'> to: /var/folders/ch/14kcms191f16jl9870v9w9vh0000gn/T/XcodeDistPipeline.KcD/entitlementsbp7mea
2018-03-03 15:56:58 +0000  Running /usr/bin/codesign '-vvv' '--force' '--sign' '887A1CC04AF89CAF9DC3D05BD81B57E69B716998' '--preserve-metadata=identifier,flags' '--entitlements' '/var/folders/ch/14kcms191f16jl9870v9w9vh0000gn/T/XcodeDistPipeline.KcD/entitlementsbp7mea' '/var/folders/ch/14kcms191f16jl9870v9w9vh0000gn/T/XcodeDistPipeline.KcD/Root/Payload/iyoutube.app/Frameworks/libswiftDispatch.dylib'
2018-03-03 15:56:58 +0000  /var/folders/ch/14kcms191f16jl9870v9w9vh0000gn/T/XcodeDistPipeline.KcD/Root/Payload/iyoutube.app/Frameworks/libswiftDispatch.dylib: replacing existing signature
2018-03-03 15:56:58 +0000  /var/folders/ch/14kcms191f16jl9870v9w9vh0000gn/T/XcodeDistPipeline.KcD/Root/Payload/iyoutube.app/Frameworks/libswiftDispatch.dylib: signed Mach-O universal (armv7 armv7s arm64) [com.apple.dt.runtime.swiftDispatch]
2018-03-03 15:56:58 +0000  
2018-03-03 15:56:58 +0000  
2018-03-03 15:56:58 +0000  /usr/bin/codesign exited with 0
2018-03-03 15:56:58 +0000  2018-03-03 15:56:58 +0000  

2018-03-03 15:56:58 +0000  Applying entitlements delta for <IDEDistributionItem: 0x7fd03ff5f210 'com.apple.dt.runtime.swiftFoundation' '<DVTFilePath:0x7fd051778080:'/Users/medavid/Library/Developer/Xcode/Archives/2018-03-03/iyoutube 3-3-18, 9.19 AM.xcarchive/Products/Applications/iyoutube.app/Frameworks/libswiftFoundation.dylib'>'> from <IDEiCloudEntitlementsProcessor: 0x7fd03f425940>: {
}
2018-03-03 15:56:58 +0000  Entitlements for <IDEDistributionItem: 0x7fd03ff5f210 'com.apple.dt.runtime.swiftFoundation' '<DVTFilePath:0x7fd051778080:'/Users/medavid/Library/Developer/Xcode/Archives/2018-03-03/iyoutube 3-3-18, 9.19 AM.xcarchive/Products/Applications/iyoutube.app/Frameworks/libswiftFoundation.dylib'>'>: {
}
2018-03-03 15:56:58 +0000  Writing entitlements for <IDEDistributionItem: 0x7fd03ff5f210 'com.apple.dt.runtime.swiftFoundation' '<DVTFilePath:0x7fd051778080:'/Users/medavid/Library/Developer/Xcode/Archives/2018-03-03/iyoutube 3-3-18, 9.19 AM.xcarchive/Products/Applications/iyoutube.app/Frameworks/libswiftFoundation.dylib'>'> to: /var/folders/ch/14kcms191f16jl9870v9w9vh0000gn/T/XcodeDistPipeline.KcD/entitlementsJyjReO
2018-03-03 15:56:58 +0000  Running /usr/bin/codesign '-vvv' '--force' '--sign' '887A1CC04AF89CAF9DC3D05BD81B57E69B716998' '--preserve-metadata=identifier,flags' '--entitlements' '/var/folders/ch/14kcms191f16jl9870v9w9vh0000gn/T/XcodeDistPipeline.KcD/entitlementsJyjReO' '/var/folders/ch/14kcms191f16jl9870v9w9vh0000gn/T/XcodeDistPipeline.KcD/Root/Payload/iyoutube.app/Frameworks/libswiftFoundation.dylib'
2018-03-03 15:56:58 +0000  /var/folders/ch/14kcms191f16jl9870v9w9vh0000gn/T/XcodeDistPipeline.KcD/Root/Payload/iyoutube.app/Frameworks/libswiftFoundation.dylib: replacing existing signature
2018-03-03 15:56:59 +0000  /var/folders/ch/14kcms191f16jl9870v9w9vh0000gn/T/XcodeDistPipeline.KcD/Root/Payload/iyoutube.app/Frameworks/libswiftFoundation.dylib: signed Mach-O universal (armv7 armv7s arm64) [com.apple.dt.runtime.swiftFoundation]
2018-03-03 15:56:59 +0000  
2018-03-03 15:56:59 +0000  2018-03-03 15:56:59 +0000  /usr/bin/codesign exited with 0

2018-03-03 15:56:59 +0000  
2018-03-03 15:56:59 +0000  Applying entitlements delta for <IDEDistributionItem: 0x7fd03d7d0d60 'com.apple.dt.runtime.swiftMetal' '<DVTFilePath:0x7fd03f588cb0:'/Users/medavid/Library/Developer/Xcode/Archives/2018-03-03/iyoutube 3-3-18, 9.19 AM.xcarchive/Products/Applications/iyoutube.app/Frameworks/libswiftMetal.dylib'>'> from <IDEiCloudEntitlementsProcessor: 0x7fd0429c5330>: {
}
2018-03-03 15:56:59 +0000  Entitlements for <IDEDistributionItem: 0x7fd03d7d0d60 'com.apple.dt.runtime.swiftMetal' '<DVTFilePath:0x7fd03f588cb0:'/Users/medavid/Library/Developer/Xcode/Archives/2018-03-03/iyoutube 3-3-18, 9.19 AM.xcarchive/Products/Applications/iyoutube.app/Frameworks/libswiftMetal.dylib'>'>: {
}
2018-03-03 15:56:59 +0000  Writing entitlements for <IDEDistributionItem: 0x7fd03d7d0d60 'com.apple.dt.runtime.swiftMetal' '<DVTFilePath:0x7fd03f588cb0:'/Users/medavid/Library/Developer/Xcode/Archives/2018-03-03/iyoutube 3-3-18, 9.19 AM.xcarchive/Products/Applications/iyoutube.app/Frameworks/libswiftMetal.dylib'>'> to: /var/folders/ch/14kcms191f16jl9870v9w9vh0000gn/T/XcodeDistPipeline.KcD/entitlementswROp5d
2018-03-03 15:56:59 +0000  Running /usr/bin/codesign '-vvv' '--force' '--sign' '887A1CC04AF89CAF9DC3D05BD81B57E69B716998' '--preserve-metadata=identifier,flags' '--entitlements' '/var/folders/ch/14kcms191f16jl9870v9w9vh0000gn/T/XcodeDistPipeline.KcD/entitlementswROp5d' '/var/folders/ch/14kcms191f16jl9870v9w9vh0000gn/T/XcodeDistPipeline.KcD/Root/Payload/iyoutube.app/Frameworks/libswiftMetal.dylib'
2018-03-03 15:56:59 +0000  /var/folders/ch/14kcms191f16jl9870v9w9vh0000gn/T/XcodeDistPipeline.KcD/Root/Payload/iyoutube.app/Frameworks/libswiftMetal.dylib: replacing existing signature
2018-03-03 15:56:59 +0000  /var/folders/ch/14kcms191f16jl9870v9w9vh0000gn/T/XcodeDistPipeline.KcD/Root/Payload/iyoutube.app/Frameworks/libswiftMetal.dylib: signed Mach-O universal (armv7 armv7s arm64) [com.apple.dt.runtime.swiftMetal]
2018-03-03 15:56:59 +0000  
2018-03-03 15:56:59 +0000  2018-03-03 15:56:59 +0000  /usr/bin/codesign exited with 0

2018-03-03 15:56:59 +0000  
2018-03-03 15:56:59 +0000  Applying entitlements delta for <IDEDistributionItem: 0x7fd03e191ce0 'com.apple.dt.runtime.swiftObjectiveC' '<DVTFilePath:0x7fd042550dc0:'/Users/medavid/Library/Developer/Xcode/Archives/2018-03-03/iyoutube 3-3-18, 9.19 AM.xcarchive/Products/Applications/iyoutube.app/Frameworks/libswiftObjectiveC.dylib'>'> from <IDEiCloudEntitlementsProcessor: 0x7fd0517d4c60>: {
}
2018-03-03 15:56:59 +0000  Entitlements for <IDEDistributionItem: 0x7fd03e191ce0 'com.apple.dt.runtime.swiftObjectiveC' '<DVTFilePath:0x7fd042550dc0:'/Users/medavid/Library/Developer/Xcode/Archives/2018-03-03/iyoutube 3-3-18, 9.19 AM.xcarchive/Products/Applications/iyoutube.app/Frameworks/libswiftObjectiveC.dylib'>'>: {
}
2018-03-03 15:56:59 +0000  Writing entitlements for <IDEDistributionItem: 0x7fd03e191ce0 'com.apple.dt.runtime.swiftObjectiveC' '<DVTFilePath:0x7fd042550dc0:'/Users/medavid/Library/Developer/Xcode/Archives/2018-03-03/iyoutube 3-3-18, 9.19 AM.xcarchive/Products/Applications/iyoutube.app/Frameworks/libswiftObjectiveC.dylib'>'> to: /var/folders/ch/14kcms191f16jl9870v9w9vh0000gn/T/XcodeDistPipeline.KcD/entitlementsv1YF59
2018-03-03 15:56:59 +0000  Running /usr/bin/codesign '-vvv' '--force' '--sign' '887A1CC04AF89CAF9DC3D05BD81B57E69B716998' '--preserve-metadata=identifier,flags' '--entitlements' '/var/folders/ch/14kcms191f16jl9870v9w9vh0000gn/T/XcodeDistPipeline.KcD/entitlementsv1YF59' '/var/folders/ch/14kcms191f16jl9870v9w9vh0000gn/T/XcodeDistPipeline.KcD/Root/Payload/iyoutube.app/Frameworks/libswiftObjectiveC.dylib'
2018-03-03 15:56:59 +0000  /var/folders/ch/14kcms191f16jl9870v9w9vh0000gn/T/XcodeDistPipeline.KcD/Root/Payload/iyoutube.app/Frameworks/libswiftObjectiveC.dylib: replacing existing signature
2018-03-03 15:56:59 +0000  /var/folders/ch/14kcms191f16jl9870v9w9vh0000gn/T/XcodeDistPipeline.KcD/Root/Payload/iyoutube.app/Frameworks/libswiftObjectiveC.dylib: signed Mach-O universal (armv7 armv7s arm64) [com.apple.dt.runtime.swiftObjectiveC]
2018-03-03 15:56:59 +0000  
2018-03-03 15:56:59 +0000  
2018-03-03 15:56:59 +0000  /usr/bin/codesign exited with 0
2018-03-03 15:56:59 +0000  
2018-03-03 15:56:59 +0000  Applying entitlements delta for <IDEDistributionItem: 0x7fd03fdee910 'com.apple.dt.runtime.swiftQuartzCore' '<DVTFilePath:0x7fd03e4722c0:'/Users/medavid/Library/Developer/Xcode/Archives/2018-03-03/iyoutube 3-3-18, 9.19 AM.xcarchive/Products/Applications/iyoutube.app/Frameworks/libswiftQuartzCore.dylib'>'> from <IDEiCloudEntitlementsProcessor: 0x7fd05b196ab0>: {
}
2018-03-03 15:56:59 +0000  Entitlements for <IDEDistributionItem: 0x7fd03fdee910 'com.apple.dt.runtime.swiftQuartzCore' '<DVTFilePath:0x7fd03e4722c0:'/Users/medavid/Library/Developer/Xcode/Archives/2018-03-03/iyoutube 3-3-18, 9.19 AM.xcarchive/Products/Applications/iyoutube.app/Frameworks/libswiftQuartzCore.dylib'>'>: {
}
2018-03-03 15:56:59 +0000  Writing entitlements for <IDEDistributionItem: 0x7fd03fdee910 'com.apple.dt.runtime.swiftQuartzCore' '<DVTFilePath:0x7fd03e4722c0:'/Users/medavid/Library/Developer/Xcode/Archives/2018-03-03/iyoutube 3-3-18, 9.19 AM.xcarchive/Products/Applications/iyoutube.app/Frameworks/libswiftQuartzCore.dylib'>'> to: /var/folders/ch/14kcms191f16jl9870v9w9vh0000gn/T/XcodeDistPipeline.KcD/entitlementsHIeNZ5
2018-03-03 15:56:59 +0000  Running /usr/bin/codesign '-vvv' '--force' '--sign' '887A1CC04AF89CAF9DC3D05BD81B57E69B716998' '--preserve-metadata=identifier,flags' '--entitlements' '/var/folders/ch/14kcms191f16jl9870v9w9vh0000gn/T/XcodeDistPipeline.KcD/entitlementsHIeNZ5' '/var/folders/ch/14kcms191f16jl9870v9w9vh0000gn/T/XcodeDistPipeline.KcD/Root/Payload/iyoutube.app/Frameworks/libswiftQuartzCore.dylib'
2018-03-03 15:56:59 +0000  /var/folders/ch/14kcms191f16jl9870v9w9vh0000gn/T/XcodeDistPipeline.KcD/Root/Payload/iyoutube.app/Frameworks/libswiftQuartzCore.dylib: replacing existing signature
2018-03-03 15:56:59 +0000  /var/folders/ch/14kcms191f16jl9870v9w9vh0000gn/T/XcodeDistPipeline.KcD/Root/Payload/iyoutube.app/Frameworks/libswiftQuartzCore.dylib: signed Mach-O universal (armv7 armv7s arm64) [com.apple.dt.runtime.swiftQuartzCore]
2018-03-03 15:56:59 +0000  
2018-03-03 15:56:59 +0000  
2018-03-03 15:56:59 +0000  /usr/bin/codesign exited with 0
2018-03-03 15:56:59 +0000  
2018-03-03 15:56:59 +0000  
2018-03-03 15:56:59 +0000  Applying entitlements delta for <IDEDistributionItem: 0x7fd03e378650 'com.apple.dt.runtime.swiftUIKit' '<DVTFilePath:0x7fd05173ee80:'/Users/medavid/Library/Developer/Xcode/Archives/2018-03-03/iyoutube 3-3-18, 9.19 AM.xcarchive/Products/Applications/iyoutube.app/Frameworks/libswiftUIKit.dylib'>'> from <IDEiCloudEntitlementsProcessor: 0x7fd03f3971b0>: {
}
2018-03-03 15:56:59 +0000  Entitlements for <IDEDistributionItem: 0x7fd03e378650 'com.apple.dt.runtime.swiftUIKit' '<DVTFilePath:0x7fd05173ee80:'/Users/medavid/Library/Developer/Xcode/Archives/2018-03-03/iyoutube 3-3-18, 9.19 AM.xcarchive/Products/Applications/iyoutube.app/Frameworks/libswiftUIKit.dylib'>'>: {
}
2018-03-03 15:56:59 +0000  Writing entitlements for <IDEDistributionItem: 0x7fd03e378650 'com.apple.dt.runtime.swiftUIKit' '<DVTFilePath:0x7fd05173ee80:'/Users/medavid/Library/Developer/Xcode/Archives/2018-03-03/iyoutube 3-3-18, 9.19 AM.xcarchive/Products/Applications/iyoutube.app/Frameworks/libswiftUIKit.dylib'>'> to: /var/folders/ch/14kcms191f16jl9870v9w9vh0000gn/T/XcodeDistPipeline.KcD/entitlementshxIXdL
2018-03-03 15:56:59 +0000  Running /usr/bin/codesign '-vvv' '--force' '--sign' '887A1CC04AF89CAF9DC3D05BD81B57E69B716998' '--preserve-metadata=identifier,flags' '--entitlements' '/var/folders/ch/14kcms191f16jl9870v9w9vh0000gn/T/XcodeDistPipeline.KcD/entitlementshxIXdL' '/var/folders/ch/14kcms191f16jl9870v9w9vh0000gn/T/XcodeDistPipeline.KcD/Root/Payload/iyoutube.app/Frameworks/libswiftUIKit.dylib'
2018-03-03 15:56:59 +0000  /var/folders/ch/14kcms191f16jl9870v9w9vh0000gn/T/XcodeDistPipeline.KcD/Root/Payload/iyoutube.app/Frameworks/libswiftUIKit.dylib: replacing existing signature
2018-03-03 15:56:59 +0000  /var/folders/ch/14kcms191f16jl9870v9w9vh0000gn/T/XcodeDistPipeline.KcD/Root/Payload/iyoutube.app/Frameworks/libswiftUIKit.dylib: signed Mach-O universal (armv7 armv7s arm64) [com.apple.dt.runtime.swiftUIKit]
2018-03-03 15:56:59 +0000  2018-03-03 15:56:59 +0000  

2018-03-03 15:56:59 +0000  /usr/bin/codesign exited with 02018-03-03 15:56:59 +0000  

2018-03-03 15:56:59 +0000  
2018-03-03 15:56:59 +0000  Applying entitlements delta for <IDEDistributionItem: 0x7fd03f43d370 'com.apple.dt.runtime.swiftos' '<DVTFilePath:0x7fd03e483550:'/Users/medavid/Library/Developer/Xcode/Archives/2018-03-03/iyoutube 3-3-18, 9.19 AM.xcarchive/Products/Applications/iyoutube.app/Frameworks/libswiftos.dylib'>'> from <IDEiCloudEntitlementsProcessor: 0x7fd03f24b2f0>: {
}
2018-03-03 15:56:59 +0000  Entitlements for <IDEDistributionItem: 0x7fd03f43d370 'com.apple.dt.runtime.swiftos' '<DVTFilePath:0x7fd03e483550:'/Users/medavid/Library/Developer/Xcode/Archives/2018-03-03/iyoutube 3-3-18, 9.19 AM.xcarchive/Products/Applications/iyoutube.app/Frameworks/libswiftos.dylib'>'>: {
}
2018-03-03 15:56:59 +0000  Writing entitlements for <IDEDistributionItem: 0x7fd03f43d370 'com.apple.dt.runtime.swiftos' '<DVTFilePath:0x7fd03e483550:'/Users/medavid/Library/Developer/Xcode/Archives/2018-03-03/iyoutube 3-3-18, 9.19 AM.xcarchive/Products/Applications/iyoutube.app/Frameworks/libswiftos.dylib'>'> to: /var/folders/ch/14kcms191f16jl9870v9w9vh0000gn/T/XcodeDistPipeline.KcD/entitlementsvTTMxm
2018-03-03 15:56:59 +0000  Running /usr/bin/codesign '-vvv' '--force' '--sign' '887A1CC04AF89CAF9DC3D05BD81B57E69B716998' '--preserve-metadata=identifier,flags' '--entitlements' '/var/folders/ch/14kcms191f16jl9870v9w9vh0000gn/T/XcodeDistPipeline.KcD/entitlementsvTTMxm' '/var/folders/ch/14kcms191f16jl9870v9w9vh0000gn/T/XcodeDistPipeline.KcD/Root/Payload/iyoutube.app/Frameworks/libswiftos.dylib'
2018-03-03 15:57:00 +0000  /var/folders/ch/14kcms191f16jl9870v9w9vh0000gn/T/XcodeDistPipeline.KcD/Root/Payload/iyoutube.app/Frameworks/libswiftos.dylib: replacing existing signature
2018-03-03 15:57:00 +0000  /var/folders/ch/14kcms191f16jl9870v9w9vh0000gn/T/XcodeDistPipeline.KcD/Root/Payload/iyoutube.app/Frameworks/libswiftos.dylib: signed Mach-O universal (armv7 armv7s arm64) [com.apple.dt.runtime.swiftos]
2018-03-03 15:57:00 +0000  2018-03-03 15:57:00 +0000  

2018-03-03 15:57:00 +0000  /usr/bin/codesign exited with 0
2018-03-03 15:57:00 +0000  
2018-03-03 15:57:00 +0000  Applying entitlements delta for <IDEDistributionItem: 0x7fd03ff08a30 'com.64ktech.iyoutube' '<DVTFilePath:0x7fd05174b5d0:'/Users/medavid/Library/Developer/Xcode/Archives/2018-03-03/iyoutube 3-3-18, 9.19 AM.xcarchive/Products/Applications/iyoutube.app'>'> from <IDEiCloudEntitlementsProcessor: 0x7fd03f3c1610>: {
}
2018-03-03 15:57:00 +0000  Entitlements for <IDEDistributionItem: 0x7fd03ff08a30 'com.64ktech.iyoutube' '<DVTFilePath:0x7fd05174b5d0:'/Users/medavid/Library/Developer/Xcode/Archives/2018-03-03/iyoutube 3-3-18, 9.19 AM.xcarchive/Products/Applications/iyoutube.app'>'>: {
    "application-identifier" = "324HYEX329.com.64ktech.iyoutube";
    "com.apple.developer.team-identifier" = 324HYEX329;
    "com.apple.security.application-groups" =     (
        "group.com.64ktech.iyoutubegroups"
    );
    "get-task-allow" = 0;
}
2018-03-03 15:57:00 +0000  Writing entitlements for <IDEDistributionItem: 0x7fd03ff08a30 'com.64ktech.iyoutube' '<DVTFilePath:0x7fd05174b5d0:'/Users/medavid/Library/Developer/Xcode/Archives/2018-03-03/iyoutube 3-3-18, 9.19 AM.xcarchive/Products/Applications/iyoutube.app'>'> to: /var/folders/ch/14kcms191f16jl9870v9w9vh0000gn/T/XcodeDistPipeline.KcD/entitlements6NuQWO
2018-03-03 15:57:00 +0000  Running /usr/bin/codesign '-vvv' '--force' '--sign' '887A1CC04AF89CAF9DC3D05BD81B57E69B716998' '--preserve-metadata=identifier,flags' '--entitlements' '/var/folders/ch/14kcms191f16jl9870v9w9vh0000gn/T/XcodeDistPipeline.KcD/entitlements6NuQWO' '/var/folders/ch/14kcms191f16jl9870v9w9vh0000gn/T/XcodeDistPipeline.KcD/Root/Payload/iyoutube.app'
2018-03-03 15:57:00 +0000  /var/folders/ch/14kcms191f16jl9870v9w9vh0000gn/T/XcodeDistPipeline.KcD/Root/Payload/iyoutube.app: replacing existing signature
2018-03-03 15:57:00 +0000  /var/folders/ch/14kcms191f16jl9870v9w9vh0000gn/T/XcodeDistPipeline.KcD/Root/Payload/iyoutube.app: signed app bundle with Mach-O universal (armv7 arm64) [com.64ktech.iyoutube]
2018-03-03 15:57:00 +0000  2018-03-03 15:57:00 +0000  

2018-03-03 15:57:00 +0000  /usr/bin/codesign exited with 0
2018-03-03 15:57:00 +0000  2018-03-03 15:57:00 +0000  

2018-03-03 15:57:00 +0000  Processing step: IDEDistributionStreamingZipItemStep
2018-03-03 15:57:00 +0000  Skipping step: IDEDistributionStreamingZipItemStep because it said so
2018-03-03 15:57:00 +0000  Skipping step: IDEDistributionStreamingZipItemStep because it said so
2018-03-03 15:57:00 +0000  Skipping step: IDEDistributionStreamingZipItemStep because it said so
2018-03-03 15:57:00 +0000  Skipping step: IDEDistributionStreamingZipItemStep because it said so
2018-03-03 15:57:00 +0000  Skipping step: IDEDistributionStreamingZipItemStep because it said so
2018-03-03 15:57:00 +0000  Skipping step: IDEDistributionStreamingZipItemStep because it said so
2018-03-03 15:57:00 +0000  Skipping step: IDEDistributionStreamingZipItemStep because it said so
2018-03-03 15:57:00 +0000  Skipping step: IDEDistributionStreamingZipItemStep because it said so
2018-03-03 15:57:00 +0000  Skipping step: IDEDistributionStreamingZipItemStep because it said so
2018-03-03 15:57:00 +0000  Skipping step: IDEDistributionStreamingZipItemStep because it said so
2018-03-03 15:57:00 +0000  Skipping step: IDEDistributionStreamingZipItemStep because it said so
2018-03-03 15:57:00 +0000  Skipping step: IDEDistributionStreamingZipItemStep because it said so
2018-03-03 15:57:00 +0000  Skipping step: IDEDistributionStreamingZipItemStep because it said so
2018-03-03 15:57:00 +0000  Processing step: IDEDistributionCreateIPAStep
2018-03-03 15:57:00 +0000  Running /usr/bin/ditto '-V' '-c' '-k' '--norsrc' '/var/folders/ch/14kcms191f16jl9870v9w9vh0000gn/T/XcodeDistPipeline.KcD/Root' '/var/folders/ch/14kcms191f16jl9870v9w9vh0000gn/T/XcodeDistPipeline.KcD/Packages/iyoutube.ipa'
2018-03-03 15:57:00 +0000  >>> Copying /var/folders/ch/14kcms191f16jl9870v9w9vh0000gn/T/XcodeDistPipeline.KcD/Root 
2018-03-03 15:57:00 +0000  copying file ./Payload/iyoutube.app/.gitignore ... 
2018-03-03 15:57:00 +0000  54 bytes for ./Payload/iyoutube.app/.gitignore
2018-03-03 15:57:00 +0000  copying file ./Payload/iyoutube.app/.hgignore ... 
64 bytes for ./Payload/iyoutube.app/.hgignore
copying file ./Payload/iyoutube.app/.travis.yml ... 
2018-03-03 15:57:00 +0000  1103 bytes for ./Payload/iyoutube.app/.travis.yml
copying file ./Payload/iyoutube.app/_CodeSignature/CodeResources ... 
2018-03-03 15:57:00 +0000  44353 bytes for ./Payload/iyoutube.app/_CodeSignature/CodeResources
2018-03-03 15:57:00 +0000  copying file ./Payload/iyoutube.app/About.txt ... 
2321 bytes for ./Payload/iyoutube.app/About.txt
copying file ./Payload/iyoutube.app/ActionMenuFilesViewController.nib ... 
2018-03-03 15:57:00 +0000  1697 bytes for ./Payload/iyoutube.app/ActionMenuFilesViewController.nib
copying file ./Payload/iyoutube.app/AppIcon60x60@2x.png ... 
2018-03-03 15:57:00 +0000  7495 bytes for ./Payload/iyoutube.app/AppIcon60x60@2x.png
2018-03-03 15:57:00 +0000  copying file ./Payload/iyoutube.app/AppIcon60x60@3x.png ... 
2018-03-03 15:57:00 +0000  10056 bytes for ./Payload/iyoutube.app/AppIcon60x60@3x.png
copying file ./Payload/iyoutube.app/AppIcon76x76~ipad.png ... 
2018-03-03 15:57:00 +0000  4637 bytes for ./Payload/iyoutube.app/AppIcon76x76~ipad.png
copying file ./Payload/iyoutube.app/archived-expanded-entitlements.xcent ... 
309 bytes for ./Payload/iyoutube.app/archived-expanded-entitlements.xcent
copying file ./Payload/iyoutube.app/Assets.car ... 
2018-03-03 15:57:00 +0000  39192 bytes for ./Payload/iyoutube.app/Assets.car
2018-03-03 15:57:00 +0000  copying file ./Payload/iyoutube.app/Base.lproj/Main_iPad.storyboardc/BYZ-38-t0r-view-8bC-Xf-vdC.nib ... 
1790 bytes for ./Payload/iyoutube.app/Base.lproj/Main_iPad.storyboardc/BYZ-38-t0r-view-8bC-Xf-vdC.nib
2018-03-03 15:57:00 +0000  copying file ./Payload/iyoutube.app/Base.lproj/Main_iPad.storyboardc/Info.plist ... 
258 bytes for ./Payload/iyoutube.app/Base.lproj/Main_iPad.storyboardc/Info.plist
copying file ./Payload/iyoutube.app/Base.lproj/Main_iPad.storyboardc/UIViewController-BYZ-38-t0r.nib ... 
2018-03-03 15:57:00 +0000  1009 bytes for ./Payload/iyoutube.app/Base.lproj/Main_iPad.storyboardc/UIViewController-BYZ-38-t0r.nib
copying file ./Payload/iyoutube.app/Base.lproj/Main_iPhone.storyboardc/Info.plist ... 
2018-03-03 15:57:00 +0000  258 bytes for ./Payload/iyoutube.app/Base.lproj/Main_iPhone.storyboardc/Info.plist
copying file ./Payload/iyoutube.app/Base.lproj/Main_iPhone.storyboardc/UIViewController-vXZ-lx-hvc.nib ... 
2018-03-03 15:57:00 +0000  916 bytes for ./Payload/iyoutube.app/Base.lproj/Main_iPhone.storyboardc/UIViewController-vXZ-lx-hvc.nib
copying file ./Payload/iyoutube.app/Base.lproj/Main_iPhone.storyboardc/vXZ-lx-hvc-view-kh9-bI-dsS.nib ... 
1790 bytes for ./Payload/iyoutube.app/Base.lproj/Main_iPhone.storyboardc/vXZ-lx-hvc-view-kh9-bI-dsS.nib
2018-03-03 15:57:00 +0000  copying file ./Payload/iyoutube.app/board.js ... 
2018-03-03 15:57:00 +0000  40298 bytes for ./Payload/iyoutube.app/board.js
copying file ./Payload/iyoutube.app/cache.png ... 
2018-03-03 15:57:00 +0000  3725 bytes for ./Payload/iyoutube.app/cache.png
copying file ./Payload/iyoutube.app/cache@2x.png ... 
2018-03-03 15:57:00 +0000  4153 bytes for ./Payload/iyoutube.app/cache@2x.png
copying file ./Payload/iyoutube.app/cache_button.png ... 
2018-03-03 15:57:00 +0000  5115 bytes for ./Payload/iyoutube.app/cache_button.png
copying file ./Payload/iyoutube.app/cache_button@2x.png ... 
2018-03-03 15:57:00 +0000  8709 bytes for ./Payload/iyoutube.app/cache_button@2x.png
copying file ./Payload/iyoutube.app/CocoaHTTPServer.podspec.json ... 
2018-03-03 15:57:00 +0000  899 bytes for ./Payload/iyoutube.app/CocoaHTTPServer.podspec.json
copying file ./Payload/iyoutube.app/collection_cell_close.png ... 
2762 bytes for ./Payload/iyoutube.app/collection_cell_close.png
copying file ./Payload/iyoutube.app/collection_cell_close@2x.png ... 
2018-03-03 15:57:00 +0000  5077 bytes for ./Payload/iyoutube.app/collection_cell_close@2x.png
copying file ./Payload/iyoutube.app/delete_x_button.png ... 
2018-03-03 15:57:00 +0000  5271 bytes for ./Payload/iyoutube.app/delete_x_button.png
copying file ./Payload/iyoutube.app/delete_x_button@2x.png ... 
2018-03-03 15:57:00 +0000  7576 bytes for ./Payload/iyoutube.app/delete_x_button@2x.png
copying file ./Payload/iyoutube.app/DisplayVideoButtonsTableViewController.nib ... 
2018-03-03 15:57:00 +0000  1509 bytes for ./Payload/iyoutube.app/DisplayVideoButtonsTableViewController.nib
copying file ./Payload/iyoutube.app/download6.gif ... 
2018-03-03 15:57:00 +0000  3816 bytes for ./Payload/iyoutube.app/download6.gif
copying file ./Payload/iyoutube.app/EditDisplayGroupViewController.nib ... 
2018-03-03 15:57:00 +0000  2934 bytes for ./Payload/iyoutube.app/EditDisplayGroupViewController.nib
copying file ./Payload/iyoutube.app/embedded.mobileprovision ... 
8212 bytes for ./Payload/iyoutube.app/embedded.mobileprovision
copying file ./Payload/iyoutube.app/en.lproj/InfoPlist.strings ... 
42 bytes for ./Payload/iyoutube.app/en.lproj/InfoPlist.strings
copying file ./Payload/iyoutube.app/files.json ... 
2018-03-03 15:57:00 +0000  234 bytes for ./Payload/iyoutube.app/files.json
copying file ./Payload/iyoutube.app/Frameworks/libswiftCore.dylib ... 
2018-03-03 15:57:01 +0000  21080000 bytes for ./Payload/iyoutube.app/Frameworks/libswiftCore.dylib
copying file ./Payload/iyoutube.app/Frameworks/libswiftCoreFoundation.dylib ... 
2018-03-03 15:57:01 +0000  208704 bytes for ./Payload/iyoutube.app/Frameworks/libswiftCoreFoundation.dylib
copying file ./Payload/iyoutube.app/Frameworks/libswiftCoreGraphics.dylib ... 
2018-03-03 15:57:01 +0000  578160 bytes for ./Payload/iyoutube.app/Frameworks/libswiftCoreGraphics.dylib
copying file ./Payload/iyoutube.app/Frameworks/libswiftCoreImage.dylib ... 
2018-03-03 15:57:01 +0000  209264 bytes for ./Payload/iyoutube.app/Frameworks/libswiftCoreImage.dylib
copying file ./Payload/iyoutube.app/Frameworks/libswiftDarwin.dylib ... 
2018-03-03 15:57:01 +0000  303472 bytes for ./Payload/iyoutube.app/Frameworks/libswiftDarwin.dylib
copying file ./Payload/iyoutube.app/Frameworks/libswiftDispatch.dylib ... 
2018-03-03 15:57:01 +0000  1009648 bytes for ./Payload/iyoutube.app/Frameworks/libswiftDispatch.dylib
2018-03-03 15:57:01 +0000  copying file ./Payload/iyoutube.app/Frameworks/libswiftFoundation.dylib ... 
2018-03-03 15:57:02 +0000  8413696 bytes for ./Payload/iyoutube.app/Frameworks/libswiftFoundation.dylib
copying file ./Payload/iyoutube.app/Frameworks/libswiftMetal.dylib ... 
2018-03-03 15:57:02 +0000  251648 bytes for ./Payload/iyoutube.app/Frameworks/libswiftMetal.dylib
copying file ./Payload/iyoutube.app/Frameworks/libswiftObjectiveC.dylib ... 
2018-03-03 15:57:02 +0000  259344 bytes for ./Payload/iyoutube.app/Frameworks/libswiftObjectiveC.dylib
copying file ./Payload/iyoutube.app/Frameworks/libswiftos.dylib ... 
2018-03-03 15:57:02 +0000  249312 bytes for ./Payload/iyoutube.app/Frameworks/libswiftos.dylib
copying file ./Payload/iyoutube.app/Frameworks/libswiftQuartzCore.dylib ... 
2018-03-03 15:57:02 +0000  212608 bytes for ./Payload/iyoutube.app/Frameworks/libswiftQuartzCore.dylib
copying file ./Payload/iyoutube.app/Frameworks/libswiftUIKit.dylib ... 
2018-03-03 15:57:02 +0000  361888 bytes for ./Payload/iyoutube.app/Frameworks/libswiftUIKit.dylib
2018-03-03 15:57:02 +0000  copying file ./Payload/iyoutube.app/history.png ... 
3699 bytes for ./Payload/iyoutube.app/history.png
copying file ./Payload/iyoutube.app/history@2x.png ... 
2018-03-03 15:57:02 +0000  5535 bytes for ./Payload/iyoutube.app/history@2x.png
copying file ./Payload/iyoutube.app/ic_nav_close.png ... 
378 bytes for ./Payload/iyoutube.app/ic_nav_close.png
copying file ./Payload/iyoutube.app/Icon-60.png ... 
2018-03-03 15:57:02 +0000  3467 bytes for ./Payload/iyoutube.app/Icon-60.png
copying file ./Payload/iyoutube.app/Icon-60@2x.png ... 
2018-03-03 15:57:02 +0000  7014 bytes for ./Payload/iyoutube.app/Icon-60@2x.png
copying file ./Payload/iyoutube.app/Icon-60@3x.png ... 
2018-03-03 15:57:02 +0000  9575 bytes for ./Payload/iyoutube.app/Icon-60@3x.png
copying file ./Payload/iyoutube.app/Icon-76.png ... 
2018-03-03 15:57:02 +0000  4156 bytes for ./Payload/iyoutube.app/Icon-76.png
copying file ./Payload/iyoutube.app/Icon-76@2x.png ... 
2018-03-03 15:57:02 +0000  7014 bytes for ./Payload/iyoutube.app/Icon-76@2x.png
copying file ./Payload/iyoutube.app/icon-cast-connected.png ... 
2018-03-03 15:57:02 +0000  717 bytes for ./Payload/iyoutube.app/icon-cast-connected.png
copying file ./Payload/iyoutube.app/icon-cast-connected@2x.png ... 
2180 bytes for ./Payload/iyoutube.app/icon-cast-connected@2x.png
copying file ./Payload/iyoutube.app/icon-cast-identified.png ... 
2018-03-03 15:57:02 +0000  598 bytes for ./Payload/iyoutube.app/icon-cast-identified.png
copying file ./Payload/iyoutube.app/icon-cast-identified@2x.png ... 
2018-03-03 15:57:02 +0000  1378 bytes for ./Payload/iyoutube.app/icon-cast-identified@2x.png
copying file ./Payload/iyoutube.app/image1.jpg ... 
2018-03-03 15:57:02 +0000  10168 bytes for ./Payload/iyoutube.app/image1.jpg
copying file ./Payload/iyoutube.app/index.html ... 
2018-03-03 15:57:02 +0000  3513 bytes for ./Payload/iyoutube.app/index.html
copying file ./Payload/iyoutube.app/index_old.html ... 
469 bytes for ./Payload/iyoutube.app/index_old.html
copying file ./Payload/iyoutube.app/Info.plist ... 
2018-03-03 15:57:02 +0000  1802 bytes for ./Payload/iyoutube.app/Info.plist
copying file ./Payload/iyoutube.app/iTunesArtwork.jpg ... 
2018-03-03 15:57:02 +0000  20237 bytes for ./Payload/iyoutube.app/iTunesArtwork.jpg
2018-03-03 15:57:02 +0000  copying file ./Payload/iyoutube.app/iyoutube ... 
2018-03-03 15:57:02 +0000  3882912 bytes for ./Payload/iyoutube.app/iyoutube
copying file ./Payload/iyoutube.app/jquery-2.1.4.min.js ... 
2018-03-03 15:57:02 +0000  84345 bytes for ./Payload/iyoutube.app/jquery-2.1.4.min.js
copying file ./Payload/iyoutube.app/jquery.fileupload.js ... 
2018-03-03 15:57:02 +0000  40623 bytes for ./Payload/iyoutube.app/jquery.fileupload.js
2018-03-03 15:57:02 +0000  copying file ./Payload/iyoutube.app/jquery.iframe-transport.js ... 
2018-03-03 15:57:02 +0000  8089 bytes for ./Payload/iyoutube.app/jquery.iframe-transport.js
copying file ./Payload/iyoutube.app/jquery.ui.widget.js ... 
2018-03-03 15:57:02 +0000  7281 bytes for ./Payload/iyoutube.app/jquery.ui.widget.js
copying file ./Payload/iyoutube.app/Launch Screen.storyboardc/01J-lp-oVM-view-Ze5-6b-2t3.nib ... 
2018-03-03 15:57:02 +0000  3633 bytes for ./Payload/iyoutube.app/Launch Screen.storyboardc/01J-lp-oVM-view-Ze5-6b-2t3.nib
copying file ./Payload/iyoutube.app/Launch Screen.storyboardc/Info.plist ... 
2018-03-03 15:57:02 +0000  258 bytes for ./Payload/iyoutube.app/Launch Screen.storyboardc/Info.plist
copying file ./Payload/iyoutube.app/Launch Screen.storyboardc/UIViewController-01J-lp-oVM.nib ... 
832 bytes for ./Payload/iyoutube.app/Launch Screen.storyboardc/UIViewController-01J-lp-oVM.nib
copying file ./Payload/iyoutube.app/LaunchImage-700-568h@2x.png ... 
2018-03-03 15:57:02 +0000  14942 bytes for ./Payload/iyoutube.app/LaunchImage-700-568h@2x.png
copying file ./Payload/iyoutube.app/ListItemsViewController.nib ... 
2018-03-03 15:57:02 +0000  2524 bytes for ./Payload/iyoutube.app/ListItemsViewController.nib
copying file ./Payload/iyoutube.app/local_player_list_bg.png ... 
2018-03-03 15:57:02 +0000  1813 bytes for ./Payload/iyoutube.app/local_player_list_bg.png
copying file ./Payload/iyoutube.app/local_player_list_bg@2x.png ... 
2018-03-03 15:57:02 +0000  2671 bytes for ./Payload/iyoutube.app/local_player_list_bg@2x.png
copying file ./Payload/iyoutube.app/local_playlists.png ... 
1818 bytes for ./Payload/iyoutube.app/local_playlists.png
copying file ./Payload/iyoutube.app/local_playlists@2x.png ... 
2018-03-03 15:57:02 +0000  2418 bytes for ./Payload/iyoutube.app/local_playlists@2x.png
copying file ./Payload/iyoutube.app/logobutton.png ... 
2018-03-03 15:57:02 +0000  4640 bytes for ./Payload/iyoutube.app/logobutton.png
copying file ./Payload/iyoutube.app/mdx_action_dismiss.png ... 
2018-03-03 15:57:02 +0000  2244 bytes for ./Payload/iyoutube.app/mdx_action_dismiss.png
copying file ./Payload/iyoutube.app/mdx_action_dismiss_2x.png ... 
2728 bytes for ./Payload/iyoutube.app/mdx_action_dismiss_2x.png
2018-03-03 15:57:02 +0000  copying file ./Payload/iyoutube.app/musicview.png ... 
649 bytes for ./Payload/iyoutube.app/musicview.png
copying file ./Payload/iyoutube.app/musicview@2x.png ... 
2018-03-03 15:57:02 +0000  1729 bytes for ./Payload/iyoutube.app/musicview@2x.png
copying file ./Payload/iyoutube.app/myajax.js ... 
794 bytes for ./Payload/iyoutube.app/myajax.js
copying file ./Payload/iyoutube.app/myStyle.css ... 
2018-03-03 15:57:02 +0000  3626 bytes for ./Payload/iyoutube.app/myStyle.css
copying file ./Payload/iyoutube.app/next.png ... 
2018-03-03 15:57:02 +0000  3777 bytes for ./Payload/iyoutube.app/next.png
copying file ./Payload/iyoutube.app/next@2x.png ... 
4895 bytes for ./Payload/iyoutube.app/next@2x.png
2018-03-03 15:57:02 +0000  copying file ./Payload/iyoutube.app/now_playing.png ... 
3108 bytes for ./Payload/iyoutube.app/now_playing.png
copying file ./Payload/iyoutube.app/now_playing@2x.png ... 
2018-03-03 15:57:02 +0000  1934 bytes for ./Payload/iyoutube.app/now_playing@2x.png
copying file ./Payload/iyoutube.app/overlay_next.png ... 
2018-03-03 15:57:02 +0000  1270 bytes for ./Payload/iyoutube.app/overlay_next.png
copying file ./Payload/iyoutube.app/overlay_pause.png ... 
295 bytes for ./Payload/iyoutube.app/overlay_pause.png
copying file ./Payload/iyoutube.app/overlay_pause_2x.png ... 
2018-03-03 15:57:02 +0000  401 bytes for ./Payload/iyoutube.app/overlay_pause_2x.png
copying file ./Payload/iyoutube.app/overlay_play.png ... 
766 bytes for ./Payload/iyoutube.app/overlay_play.png
copying file ./Payload/iyoutube.app/overlay_play_2x.png ... 
2018-03-03 15:57:02 +0000  972 bytes for ./Payload/iyoutube.app/overlay_play_2x.png
copying file ./Payload/iyoutube.app/overlay_previous.png ... 
2018-03-03 15:57:02 +0000  1257 bytes for ./Payload/iyoutube.app/overlay_previous.png
copying file ./Payload/iyoutube.app/pause.png ... 
2018-03-03 15:57:02 +0000  5672 bytes for ./Payload/iyoutube.app/pause.png
copying file ./Payload/iyoutube.app/pause@2x.png ... 
2018-03-03 15:57:02 +0000  14024 bytes for ./Payload/iyoutube.app/pause@2x.png
2018-03-03 15:57:02 +0000  copying file ./Payload/iyoutube.app/pb_picker_selected.png ... 
4629 bytes for ./Payload/iyoutube.app/pb_picker_selected.png
copying file ./Payload/iyoutube.app/pb_picker_selected@2x.png ... 
2018-03-03 15:57:02 +0000  8077 bytes for ./Payload/iyoutube.app/pb_picker_selected@2x.png
copying file ./Payload/iyoutube.app/picview.png ... 
2018-03-03 15:57:02 +0000  1534 bytes for ./Payload/iyoutube.app/picview.png
copying file ./Payload/iyoutube.app/picview@2x.png ... 
2018-03-03 15:57:02 +0000  5140 bytes for ./Payload/iyoutube.app/picview@2x.png
copying file ./Payload/iyoutube.app/PkgInfo ... 
8 bytes for ./Payload/iyoutube.app/PkgInfo
copying file ./Payload/iyoutube.app/play.png ... 
2018-03-03 15:57:02 +0000  5963 bytes for ./Payload/iyoutube.app/play.png
copying file ./Payload/iyoutube.app/play@2x.png ... 
2018-03-03 15:57:02 +0000  15219 bytes for ./Payload/iyoutube.app/play@2x.png
2018-03-03 15:57:02 +0000  copying file ./Payload/iyoutube.app/playbox_button.png ... 
4119 bytes for ./Payload/iyoutube.app/playbox_button.png
copying file ./Payload/iyoutube.app/playbox_button@2x.png ... 
2018-03-03 15:57:02 +0000  5963 bytes for ./Payload/iyoutube.app/playbox_button@2x.png
copying file ./Payload/iyoutube.app/playlist_icon.png ... 
2018-03-03 15:57:02 +0000  2063 bytes for ./Payload/iyoutube.app/playlist_icon.png
copying file ./Payload/iyoutube.app/playlist_icon_2x.png ... 
2018-03-03 15:57:02 +0000  1276 bytes for ./Payload/iyoutube.app/playlist_icon_2x.png
copying file ./Payload/iyoutube.app/powerproject.js ... 
2018-03-03 15:57:02 +0000  5318 bytes for ./Payload/iyoutube.app/powerproject.js
copying file ./Payload/iyoutube.app/README.txt ... 
321 bytes for ./Payload/iyoutube.app/README.txt
copying file ./Payload/iyoutube.app/receiver.html ... 
2018-03-03 15:57:02 +0000  13334 bytes for ./Payload/iyoutube.app/receiver.html
2018-03-03 15:57:02 +0000  copying file ./Payload/iyoutube.app/receiver2.html ... 
631 bytes for ./Payload/iyoutube.app/receiver2.html
copying file ./Payload/iyoutube.app/receiver_original.html ... 
2018-03-03 15:57:02 +0000  4462 bytes for ./Payload/iyoutube.app/receiver_original.html
copying file ./Payload/iyoutube.app/repeat_one.png ... 
2018-03-03 15:57:02 +0000  2691 bytes for ./Payload/iyoutube.app/repeat_one.png
copying file ./Payload/iyoutube.app/repeat_one@2x.png ... 
2698 bytes for ./Payload/iyoutube.app/repeat_one@2x.png
copying file ./Payload/iyoutube.app/repeat_selected.png ... 
2561 bytes for ./Payload/iyoutube.app/repeat_selected.png
copying file ./Payload/iyoutube.app/repeat_selected@2x.png ... 
2018-03-03 15:57:02 +0000  2698 bytes for ./Payload/iyoutube.app/repeat_selected@2x.png
copying file ./Payload/iyoutube.app/return.png ... 
2018-03-03 15:57:02 +0000  3760 bytes for ./Payload/iyoutube.app/return.png
copying file ./Payload/iyoutube.app/return@2x.png ... 
4917 bytes for ./Payload/iyoutube.app/return@2x.png
2018-03-03 15:57:02 +0000  copying file ./Payload/iyoutube.app/search.png ... 
3577 bytes for ./Payload/iyoutube.app/search.png
copying file ./Payload/iyoutube.app/search@2x.png ... 
2018-03-03 15:57:02 +0000  4268 bytes for ./Payload/iyoutube.app/search@2x.png
copying file ./Payload/iyoutube.app/Settings.bundle/en.lproj/Root.strings ... 
2018-03-03 15:57:02 +0000  546 bytes for ./Payload/iyoutube.app/Settings.bundle/en.lproj/Root.strings
copying file ./Payload/iyoutube.app/Settings.bundle/Root.plist ... 
2018-03-03 15:57:02 +0000  3955 bytes for ./Payload/iyoutube.app/Settings.bundle/Root.plist
copying file ./Payload/iyoutube.app/settings.png ... 
3686 bytes for ./Payload/iyoutube.app/settings.png
copying file ./Payload/iyoutube.app/settings@2x.png ... 
2018-03-03 15:57:02 +0000  3304 bytes for ./Payload/iyoutube.app/settings@2x.png
copying file ./Payload/iyoutube.app/shuffle.png ... 
2018-03-03 15:57:02 +0000  1941 bytes for ./Payload/iyoutube.app/shuffle.png
copying file ./Payload/iyoutube.app/shuffle@2x.png ... 
1670 bytes for ./Payload/iyoutube.app/shuffle@2x.png
copying file ./Payload/iyoutube.app/shuffle_selected.png ... 
2018-03-03 15:57:02 +0000  2409 bytes for ./Payload/iyoutube.app/shuffle_selected.png
copying file ./Payload/iyoutube.app/shuffle_selected@2x.png ... 
2018-03-03 15:57:02 +0000  2374 bytes for ./Payload/iyoutube.app/shuffle_selected@2x.png
copying file ./Payload/iyoutube.app/sliderthumb.png ... 
1307 bytes for ./Payload/iyoutube.app/sliderthumb.png
copying file ./Payload/iyoutube.app/stream_repeat.png ... 
2018-03-03 15:57:02 +0000  3291 bytes for ./Payload/iyoutube.app/stream_repeat.png
copying file ./Payload/iyoutube.app/stream_repeat@2x.png ... 
2018-03-03 15:57:02 +0000  3178 bytes for ./Payload/iyoutube.app/stream_repeat@2x.png
copying file ./Payload/iyoutube.app/stream_repeat_selected.png ... 
3505 bytes for ./Payload/iyoutube.app/stream_repeat_selected.png
copying file ./Payload/iyoutube.app/stream_repeat_selected@2x.png ... 
2018-03-03 15:57:02 +0000  3695 bytes for ./Payload/iyoutube.app/stream_repeat_selected@2x.png
copying file ./Payload/iyoutube.app/style.css ... 
2018-03-03 15:57:02 +0000  291 bytes for ./Payload/iyoutube.app/style.css
copying file ./Payload/iyoutube.app/table_cell_red_checkmark.png ... 
2018-03-03 15:57:02 +0000  5828 bytes for ./Payload/iyoutube.app/table_cell_red_checkmark.png
copying file ./Payload/iyoutube.app/table_cell_red_checkmark@2x.png ... 
2018-03-03 15:57:02 +0000  7364 bytes for ./Payload/iyoutube.app/table_cell_red_checkmark@2x.png
copying file ./Payload/iyoutube.app/upload.html ... 
234 bytes for ./Payload/iyoutube.app/upload.html
copying file ./Payload/iyoutube.app/video_list_loop.png ... 
2018-03-03 15:57:02 +0000  1438 bytes for ./Payload/iyoutube.app/video_list_loop.png
copying file ./Payload/iyoutube.app/video_list_loop_2x.png ... 
2028 bytes for ./Payload/iyoutube.app/video_list_loop_2x.png
2018-03-03 15:57:02 +0000  copying file ./Payload/iyoutube.app/videonotfound.png ... 
290 bytes for ./Payload/iyoutube.app/videonotfound.png
copying file ./Payload/iyoutube.app/view_count.png ... 
2018-03-03 15:57:02 +0000  3554 bytes for ./Payload/iyoutube.app/view_count.png
copying file ./Payload/iyoutube.app/view_count@2x.png ... 
3887 bytes for ./Payload/iyoutube.app/view_count@2x.png
copying file ./Payload/iyoutube.app/youtube.png ... 
2018-03-03 15:57:02 +0000  3777 bytes for ./Payload/iyoutube.app/youtube.png
copying file ./Payload/iyoutube.app/youtube@2x.png ... 
4947 bytes for ./Payload/iyoutube.app/youtube@2x.png
2018-03-03 15:57:02 +0000  
2018-03-03 15:57:02 +0000  2018-03-03 15:57:02 +0000  /usr/bin/ditto exited with 0

2018-03-03 15:57:02 +0000  
2018-03-03 15:57:02 +0000  Processing step: IDEDistributionCreateManifestStep
